ARM GAS  /tmp/cce8ZHLd.s 			page 1


   1              		.cpu cortex-m4
   2              		.arch armv7e-m
   3              		.fpu fpv4-sp-d16
   4              		.eabi_attribute 27, 1
   5              		.eabi_attribute 28, 1
   6              		.eabi_attribute 20, 1
   7              		.eabi_attribute 21, 1
   8              		.eabi_attribute 23, 3
   9              		.eabi_attribute 24, 1
  10              		.eabi_attribute 25, 1
  11              		.eabi_attribute 26, 1
  12              		.eabi_attribute 30, 1
  13              		.eabi_attribute 34, 1
  14              		.eabi_attribute 18, 4
  15              		.file	"stm32f4xx_hal_msp.c"
  16              		.text
  17              	.Ltext0:
  18              		.cfi_sections	.debug_frame
  19              		.file 1 "Core/Src/stm32f4xx_hal_msp.c"
  20              		.section	.text.HAL_MspInit,"ax",%progbits
  21              		.align	1
  22              		.global	HAL_MspInit
  23              		.syntax unified
  24              		.thumb
  25              		.thumb_func
  27              	HAL_MspInit:
  28              	.LFB134:
   1:Core/Src/stm32f4xx_hal_msp.c **** /* USER CODE BEGIN Header */
   2:Core/Src/stm32f4xx_hal_msp.c **** /**
   3:Core/Src/stm32f4xx_hal_msp.c ****   ******************************************************************************
   4:Core/Src/stm32f4xx_hal_msp.c ****   * @file         stm32f4xx_hal_msp.c
   5:Core/Src/stm32f4xx_hal_msp.c ****   * @brief        This file provides code for the MSP Initialization
   6:Core/Src/stm32f4xx_hal_msp.c ****   *               and de-Initialization codes.
   7:Core/Src/stm32f4xx_hal_msp.c ****   ******************************************************************************
   8:Core/Src/stm32f4xx_hal_msp.c ****   * @attention
   9:Core/Src/stm32f4xx_hal_msp.c ****   *
  10:Core/Src/stm32f4xx_hal_msp.c ****   * Copyright (c) 2026 STMicroelectronics.
  11:Core/Src/stm32f4xx_hal_msp.c ****   * All rights reserved.
  12:Core/Src/stm32f4xx_hal_msp.c ****   *
  13:Core/Src/stm32f4xx_hal_msp.c ****   * This software is licensed under terms that can be found in the LICENSE file
  14:Core/Src/stm32f4xx_hal_msp.c ****   * in the root directory of this software component.
  15:Core/Src/stm32f4xx_hal_msp.c ****   * If no LICENSE file comes with this software, it is provided AS-IS.
  16:Core/Src/stm32f4xx_hal_msp.c ****   *
  17:Core/Src/stm32f4xx_hal_msp.c ****   ******************************************************************************
  18:Core/Src/stm32f4xx_hal_msp.c ****   */
  19:Core/Src/stm32f4xx_hal_msp.c **** /* USER CODE END Header */
  20:Core/Src/stm32f4xx_hal_msp.c **** /* Includes ------------------------------------------------------------------*/
  21:Core/Src/stm32f4xx_hal_msp.c **** #include "main.h"
  22:Core/Src/stm32f4xx_hal_msp.c **** /* USER CODE BEGIN Includes */
  23:Core/Src/stm32f4xx_hal_msp.c **** 
  24:Core/Src/stm32f4xx_hal_msp.c **** /* USER CODE END Includes */
  25:Core/Src/stm32f4xx_hal_msp.c **** 
  26:Core/Src/stm32f4xx_hal_msp.c **** /* Private typedef -----------------------------------------------------------*/
  27:Core/Src/stm32f4xx_hal_msp.c **** /* USER CODE BEGIN TD */
  28:Core/Src/stm32f4xx_hal_msp.c **** 
  29:Core/Src/stm32f4xx_hal_msp.c **** /* USER CODE END TD */
  30:Core/Src/stm32f4xx_hal_msp.c **** 
ARM GAS  /tmp/cce8ZHLd.s 			page 2


  31:Core/Src/stm32f4xx_hal_msp.c **** /* Private define ------------------------------------------------------------*/
  32:Core/Src/stm32f4xx_hal_msp.c **** /* USER CODE BEGIN Define */
  33:Core/Src/stm32f4xx_hal_msp.c **** 
  34:Core/Src/stm32f4xx_hal_msp.c **** /* USER CODE END Define */
  35:Core/Src/stm32f4xx_hal_msp.c **** 
  36:Core/Src/stm32f4xx_hal_msp.c **** /* Private macro -------------------------------------------------------------*/
  37:Core/Src/stm32f4xx_hal_msp.c **** /* USER CODE BEGIN Macro */
  38:Core/Src/stm32f4xx_hal_msp.c **** 
  39:Core/Src/stm32f4xx_hal_msp.c **** /* USER CODE END Macro */
  40:Core/Src/stm32f4xx_hal_msp.c **** 
  41:Core/Src/stm32f4xx_hal_msp.c **** /* Private variables ---------------------------------------------------------*/
  42:Core/Src/stm32f4xx_hal_msp.c **** /* USER CODE BEGIN PV */
  43:Core/Src/stm32f4xx_hal_msp.c **** 
  44:Core/Src/stm32f4xx_hal_msp.c **** /* USER CODE END PV */
  45:Core/Src/stm32f4xx_hal_msp.c **** 
  46:Core/Src/stm32f4xx_hal_msp.c **** /* Private function prototypes -----------------------------------------------*/
  47:Core/Src/stm32f4xx_hal_msp.c **** /* USER CODE BEGIN PFP */
  48:Core/Src/stm32f4xx_hal_msp.c **** 
  49:Core/Src/stm32f4xx_hal_msp.c **** /* USER CODE END PFP */
  50:Core/Src/stm32f4xx_hal_msp.c **** 
  51:Core/Src/stm32f4xx_hal_msp.c **** /* External functions --------------------------------------------------------*/
  52:Core/Src/stm32f4xx_hal_msp.c **** /* USER CODE BEGIN ExternalFunctions */
  53:Core/Src/stm32f4xx_hal_msp.c **** 
  54:Core/Src/stm32f4xx_hal_msp.c **** /* USER CODE END ExternalFunctions */
  55:Core/Src/stm32f4xx_hal_msp.c **** 
  56:Core/Src/stm32f4xx_hal_msp.c **** /* USER CODE BEGIN 0 */
  57:Core/Src/stm32f4xx_hal_msp.c **** 
  58:Core/Src/stm32f4xx_hal_msp.c **** /* USER CODE END 0 */
  59:Core/Src/stm32f4xx_hal_msp.c **** /**
  60:Core/Src/stm32f4xx_hal_msp.c ****   * Initializes the Global MSP.
  61:Core/Src/stm32f4xx_hal_msp.c ****   */
  62:Core/Src/stm32f4xx_hal_msp.c **** void HAL_MspInit(void)
  63:Core/Src/stm32f4xx_hal_msp.c **** {
  29              		.loc 1 63 1 view -0
  30              		.cfi_startproc
  31              		@ args = 0, pretend = 0, frame = 8
  32              		@ frame_needed = 0, uses_anonymous_args = 0
  33 0000 00B5     		push	{lr}
  34              	.LCFI0:
  35              		.cfi_def_cfa_offset 4
  36              		.cfi_offset 14, -4
  37 0002 83B0     		sub	sp, sp, #12
  38              	.LCFI1:
  39              		.cfi_def_cfa_offset 16
  64:Core/Src/stm32f4xx_hal_msp.c **** 
  65:Core/Src/stm32f4xx_hal_msp.c ****   /* USER CODE BEGIN MspInit 0 */
  66:Core/Src/stm32f4xx_hal_msp.c **** 
  67:Core/Src/stm32f4xx_hal_msp.c ****   /* USER CODE END MspInit 0 */
  68:Core/Src/stm32f4xx_hal_msp.c **** 
  69:Core/Src/stm32f4xx_hal_msp.c ****   __HAL_RCC_SYSCFG_CLK_ENABLE();
  40              		.loc 1 69 3 view .LVU1
  41              	.LBB2:
  42              		.loc 1 69 3 view .LVU2
  43 0004 0021     		movs	r1, #0
  44 0006 0091     		str	r1, [sp]
  45              		.loc 1 69 3 view .LVU3
  46 0008 0C4B     		ldr	r3, .L3
ARM GAS  /tmp/cce8ZHLd.s 			page 3


  47 000a 5A6C     		ldr	r2, [r3, #68]
  48 000c 42F48042 		orr	r2, r2, #16384
  49 0010 5A64     		str	r2, [r3, #68]
  50              		.loc 1 69 3 view .LVU4
  51 0012 5A6C     		ldr	r2, [r3, #68]
  52 0014 02F48042 		and	r2, r2, #16384
  53 0018 0092     		str	r2, [sp]
  54              		.loc 1 69 3 view .LVU5
  55 001a 009A     		ldr	r2, [sp]
  56              	.LBE2:
  57              		.loc 1 69 3 view .LVU6
  70:Core/Src/stm32f4xx_hal_msp.c ****   __HAL_RCC_PWR_CLK_ENABLE();
  58              		.loc 1 70 3 view .LVU7
  59              	.LBB3:
  60              		.loc 1 70 3 view .LVU8
  61 001c 0191     		str	r1, [sp, #4]
  62              		.loc 1 70 3 view .LVU9
  63 001e 1A6C     		ldr	r2, [r3, #64]
  64 0020 42F08052 		orr	r2, r2, #268435456
  65 0024 1A64     		str	r2, [r3, #64]
  66              		.loc 1 70 3 view .LVU10
  67 0026 1B6C     		ldr	r3, [r3, #64]
  68 0028 03F08053 		and	r3, r3, #268435456
  69 002c 0193     		str	r3, [sp, #4]
  70              		.loc 1 70 3 view .LVU11
  71 002e 019B     		ldr	r3, [sp, #4]
  72              	.LBE3:
  73              		.loc 1 70 3 view .LVU12
  71:Core/Src/stm32f4xx_hal_msp.c **** 
  72:Core/Src/stm32f4xx_hal_msp.c ****   HAL_NVIC_SetPriorityGrouping(NVIC_PRIORITYGROUP_0);
  74              		.loc 1 72 3 view .LVU13
  75 0030 0720     		movs	r0, #7
  76 0032 FFF7FEFF 		bl	HAL_NVIC_SetPriorityGrouping
  77              	.LVL0:
  73:Core/Src/stm32f4xx_hal_msp.c **** 
  74:Core/Src/stm32f4xx_hal_msp.c ****   /* System interrupt init*/
  75:Core/Src/stm32f4xx_hal_msp.c **** 
  76:Core/Src/stm32f4xx_hal_msp.c ****   /* USER CODE BEGIN MspInit 1 */
  77:Core/Src/stm32f4xx_hal_msp.c **** 
  78:Core/Src/stm32f4xx_hal_msp.c ****   /* USER CODE END MspInit 1 */
  79:Core/Src/stm32f4xx_hal_msp.c **** }
  78              		.loc 1 79 1 is_stmt 0 view .LVU14
  79 0036 03B0     		add	sp, sp, #12
  80              	.LCFI2:
  81              		.cfi_def_cfa_offset 4
  82              		@ sp needed
  83 0038 5DF804FB 		ldr	pc, [sp], #4
  84              	.L4:
  85              		.align	2
  86              	.L3:
  87 003c 00380240 		.word	1073887232
  88              		.cfi_endproc
  89              	.LFE134:
  91              		.section	.text.HAL_I2C_MspInit,"ax",%progbits
  92              		.align	1
  93              		.global	HAL_I2C_MspInit
  94              		.syntax unified
ARM GAS  /tmp/cce8ZHLd.s 			page 4


  95              		.thumb
  96              		.thumb_func
  98              	HAL_I2C_MspInit:
  99              	.LVL1:
 100              	.LFB135:
  80:Core/Src/stm32f4xx_hal_msp.c **** 
  81:Core/Src/stm32f4xx_hal_msp.c **** /**
  82:Core/Src/stm32f4xx_hal_msp.c ****   * @brief I2C MSP Initialization
  83:Core/Src/stm32f4xx_hal_msp.c ****   * This function configures the hardware resources used in this example
  84:Core/Src/stm32f4xx_hal_msp.c ****   * @param hi2c: I2C handle pointer
  85:Core/Src/stm32f4xx_hal_msp.c ****   * @retval None
  86:Core/Src/stm32f4xx_hal_msp.c ****   */
  87:Core/Src/stm32f4xx_hal_msp.c **** void HAL_I2C_MspInit(I2C_HandleTypeDef* hi2c)
  88:Core/Src/stm32f4xx_hal_msp.c **** {
 101              		.loc 1 88 1 is_stmt 1 view -0
 102              		.cfi_startproc
 103              		@ args = 0, pretend = 0, frame = 32
 104              		@ frame_needed = 0, uses_anonymous_args = 0
 105              		.loc 1 88 1 is_stmt 0 view .LVU16
 106 0000 30B5     		push	{r4, r5, lr}
 107              	.LCFI3:
 108              		.cfi_def_cfa_offset 12
 109              		.cfi_offset 4, -12
 110              		.cfi_offset 5, -8
 111              		.cfi_offset 14, -4
 112 0002 89B0     		sub	sp, sp, #36
 113              	.LCFI4:
 114              		.cfi_def_cfa_offset 48
  89:Core/Src/stm32f4xx_hal_msp.c ****   GPIO_InitTypeDef GPIO_InitStruct = {0};
 115              		.loc 1 89 3 is_stmt 1 view .LVU17
 116              		.loc 1 89 20 is_stmt 0 view .LVU18
 117 0004 0023     		movs	r3, #0
 118 0006 0393     		str	r3, [sp, #12]
 119 0008 0493     		str	r3, [sp, #16]
 120 000a 0593     		str	r3, [sp, #20]
 121 000c 0693     		str	r3, [sp, #24]
 122 000e 0793     		str	r3, [sp, #28]
  90:Core/Src/stm32f4xx_hal_msp.c ****   if(hi2c->Instance==I2C1)
 123              		.loc 1 90 3 is_stmt 1 view .LVU19
 124              		.loc 1 90 10 is_stmt 0 view .LVU20
 125 0010 0268     		ldr	r2, [r0]
 126              		.loc 1 90 5 view .LVU21
 127 0012 144B     		ldr	r3, .L9
 128 0014 9A42     		cmp	r2, r3
 129 0016 01D0     		beq	.L8
 130              	.LVL2:
 131              	.L5:
  91:Core/Src/stm32f4xx_hal_msp.c ****   {
  92:Core/Src/stm32f4xx_hal_msp.c ****     /* USER CODE BEGIN I2C1_MspInit 0 */
  93:Core/Src/stm32f4xx_hal_msp.c **** 
  94:Core/Src/stm32f4xx_hal_msp.c ****     /* USER CODE END I2C1_MspInit 0 */
  95:Core/Src/stm32f4xx_hal_msp.c **** 
  96:Core/Src/stm32f4xx_hal_msp.c ****     __HAL_RCC_GPIOB_CLK_ENABLE();
  97:Core/Src/stm32f4xx_hal_msp.c ****     /**I2C1 GPIO Configuration
  98:Core/Src/stm32f4xx_hal_msp.c ****     PB8     ------> I2C1_SCL
  99:Core/Src/stm32f4xx_hal_msp.c ****     PB9     ------> I2C1_SDA
 100:Core/Src/stm32f4xx_hal_msp.c ****     */
ARM GAS  /tmp/cce8ZHLd.s 			page 5


 101:Core/Src/stm32f4xx_hal_msp.c ****     GPIO_InitStruct.Pin = GPIO_PIN_8|GPIO_PIN_9;
 102:Core/Src/stm32f4xx_hal_msp.c ****     GPIO_InitStruct.Mode = GPIO_MODE_AF_OD;
 103:Core/Src/stm32f4xx_hal_msp.c ****     GPIO_InitStruct.Pull = GPIO_NOPULL;
 104:Core/Src/stm32f4xx_hal_msp.c ****     GPIO_InitStruct.Speed = GPIO_SPEED_FREQ_VERY_HIGH;
 105:Core/Src/stm32f4xx_hal_msp.c ****     GPIO_InitStruct.Alternate = GPIO_AF4_I2C1;
 106:Core/Src/stm32f4xx_hal_msp.c ****     HAL_GPIO_Init(GPIOB, &GPIO_InitStruct);
 107:Core/Src/stm32f4xx_hal_msp.c **** 
 108:Core/Src/stm32f4xx_hal_msp.c ****     /* Peripheral clock enable */
 109:Core/Src/stm32f4xx_hal_msp.c ****     __HAL_RCC_I2C1_CLK_ENABLE();
 110:Core/Src/stm32f4xx_hal_msp.c ****     /* USER CODE BEGIN I2C1_MspInit 1 */
 111:Core/Src/stm32f4xx_hal_msp.c **** 
 112:Core/Src/stm32f4xx_hal_msp.c ****     /* USER CODE END I2C1_MspInit 1 */
 113:Core/Src/stm32f4xx_hal_msp.c **** 
 114:Core/Src/stm32f4xx_hal_msp.c ****   }
 115:Core/Src/stm32f4xx_hal_msp.c **** 
 116:Core/Src/stm32f4xx_hal_msp.c **** }
 132              		.loc 1 116 1 view .LVU22
 133 0018 09B0     		add	sp, sp, #36
 134              	.LCFI5:
 135              		.cfi_remember_state
 136              		.cfi_def_cfa_offset 12
 137              		@ sp needed
 138 001a 30BD     		pop	{r4, r5, pc}
 139              	.LVL3:
 140              	.L8:
 141              	.LCFI6:
 142              		.cfi_restore_state
  96:Core/Src/stm32f4xx_hal_msp.c ****     /**I2C1 GPIO Configuration
 143              		.loc 1 96 5 is_stmt 1 view .LVU23
 144              	.LBB4:
  96:Core/Src/stm32f4xx_hal_msp.c ****     /**I2C1 GPIO Configuration
 145              		.loc 1 96 5 view .LVU24
 146 001c 0025     		movs	r5, #0
 147 001e 0195     		str	r5, [sp, #4]
  96:Core/Src/stm32f4xx_hal_msp.c ****     /**I2C1 GPIO Configuration
 148              		.loc 1 96 5 view .LVU25
 149 0020 114C     		ldr	r4, .L9+4
 150 0022 236B     		ldr	r3, [r4, #48]
 151 0024 43F00203 		orr	r3, r3, #2
 152 0028 2363     		str	r3, [r4, #48]
  96:Core/Src/stm32f4xx_hal_msp.c ****     /**I2C1 GPIO Configuration
 153              		.loc 1 96 5 view .LVU26
 154 002a 236B     		ldr	r3, [r4, #48]
 155 002c 03F00203 		and	r3, r3, #2
 156 0030 0193     		str	r3, [sp, #4]
  96:Core/Src/stm32f4xx_hal_msp.c ****     /**I2C1 GPIO Configuration
 157              		.loc 1 96 5 view .LVU27
 158 0032 019B     		ldr	r3, [sp, #4]
 159              	.LBE4:
  96:Core/Src/stm32f4xx_hal_msp.c ****     /**I2C1 GPIO Configuration
 160              		.loc 1 96 5 view .LVU28
 101:Core/Src/stm32f4xx_hal_msp.c ****     GPIO_InitStruct.Mode = GPIO_MODE_AF_OD;
 161              		.loc 1 101 5 view .LVU29
 101:Core/Src/stm32f4xx_hal_msp.c ****     GPIO_InitStruct.Mode = GPIO_MODE_AF_OD;
 162              		.loc 1 101 25 is_stmt 0 view .LVU30
 163 0034 4FF44073 		mov	r3, #768
 164 0038 0393     		str	r3, [sp, #12]
ARM GAS  /tmp/cce8ZHLd.s 			page 6


 102:Core/Src/stm32f4xx_hal_msp.c ****     GPIO_InitStruct.Pull = GPIO_NOPULL;
 165              		.loc 1 102 5 is_stmt 1 view .LVU31
 102:Core/Src/stm32f4xx_hal_msp.c ****     GPIO_InitStruct.Pull = GPIO_NOPULL;
 166              		.loc 1 102 26 is_stmt 0 view .LVU32
 167 003a 1223     		movs	r3, #18
 168 003c 0493     		str	r3, [sp, #16]
 103:Core/Src/stm32f4xx_hal_msp.c ****     GPIO_InitStruct.Speed = GPIO_SPEED_FREQ_VERY_HIGH;
 169              		.loc 1 103 5 is_stmt 1 view .LVU33
 104:Core/Src/stm32f4xx_hal_msp.c ****     GPIO_InitStruct.Alternate = GPIO_AF4_I2C1;
 170              		.loc 1 104 5 view .LVU34
 104:Core/Src/stm32f4xx_hal_msp.c ****     GPIO_InitStruct.Alternate = GPIO_AF4_I2C1;
 171              		.loc 1 104 27 is_stmt 0 view .LVU35
 172 003e 0323     		movs	r3, #3
 173 0040 0693     		str	r3, [sp, #24]
 105:Core/Src/stm32f4xx_hal_msp.c ****     HAL_GPIO_Init(GPIOB, &GPIO_InitStruct);
 174              		.loc 1 105 5 is_stmt 1 view .LVU36
 105:Core/Src/stm32f4xx_hal_msp.c ****     HAL_GPIO_Init(GPIOB, &GPIO_InitStruct);
 175              		.loc 1 105 31 is_stmt 0 view .LVU37
 176 0042 0423     		movs	r3, #4
 177 0044 0793     		str	r3, [sp, #28]
 106:Core/Src/stm32f4xx_hal_msp.c **** 
 178              		.loc 1 106 5 is_stmt 1 view .LVU38
 179 0046 03A9     		add	r1, sp, #12
 180 0048 0848     		ldr	r0, .L9+8
 181              	.LVL4:
 106:Core/Src/stm32f4xx_hal_msp.c **** 
 182              		.loc 1 106 5 is_stmt 0 view .LVU39
 183 004a FFF7FEFF 		bl	HAL_GPIO_Init
 184              	.LVL5:
 109:Core/Src/stm32f4xx_hal_msp.c ****     /* USER CODE BEGIN I2C1_MspInit 1 */
 185              		.loc 1 109 5 is_stmt 1 view .LVU40
 186              	.LBB5:
 109:Core/Src/stm32f4xx_hal_msp.c ****     /* USER CODE BEGIN I2C1_MspInit 1 */
 187              		.loc 1 109 5 view .LVU41
 188 004e 0295     		str	r5, [sp, #8]
 109:Core/Src/stm32f4xx_hal_msp.c ****     /* USER CODE BEGIN I2C1_MspInit 1 */
 189              		.loc 1 109 5 view .LVU42
 190 0050 236C     		ldr	r3, [r4, #64]
 191 0052 43F40013 		orr	r3, r3, #2097152
 192 0056 2364     		str	r3, [r4, #64]
 109:Core/Src/stm32f4xx_hal_msp.c ****     /* USER CODE BEGIN I2C1_MspInit 1 */
 193              		.loc 1 109 5 view .LVU43
 194 0058 236C     		ldr	r3, [r4, #64]
 195 005a 03F40013 		and	r3, r3, #2097152
 196 005e 0293     		str	r3, [sp, #8]
 109:Core/Src/stm32f4xx_hal_msp.c ****     /* USER CODE BEGIN I2C1_MspInit 1 */
 197              		.loc 1 109 5 view .LVU44
 198 0060 029B     		ldr	r3, [sp, #8]
 199              	.LBE5:
 109:Core/Src/stm32f4xx_hal_msp.c ****     /* USER CODE BEGIN I2C1_MspInit 1 */
 200              		.loc 1 109 5 discriminator 1 view .LVU45
 201              		.loc 1 116 1 is_stmt 0 view .LVU46
 202 0062 D9E7     		b	.L5
 203              	.L10:
 204              		.align	2
 205              	.L9:
 206 0064 00540040 		.word	1073763328
ARM GAS  /tmp/cce8ZHLd.s 			page 7


 207 0068 00380240 		.word	1073887232
 208 006c 00040240 		.word	1073873920
 209              		.cfi_endproc
 210              	.LFE135:
 212              		.section	.text.HAL_I2C_MspDeInit,"ax",%progbits
 213              		.align	1
 214              		.global	HAL_I2C_MspDeInit
 215              		.syntax unified
 216              		.thumb
 217              		.thumb_func
 219              	HAL_I2C_MspDeInit:
 220              	.LVL6:
 221              	.LFB136:
 117:Core/Src/stm32f4xx_hal_msp.c **** 
 118:Core/Src/stm32f4xx_hal_msp.c **** /**
 119:Core/Src/stm32f4xx_hal_msp.c ****   * @brief I2C MSP De-Initialization
 120:Core/Src/stm32f4xx_hal_msp.c ****   * This function freeze the hardware resources used in this example
 121:Core/Src/stm32f4xx_hal_msp.c ****   * @param hi2c: I2C handle pointer
 122:Core/Src/stm32f4xx_hal_msp.c ****   * @retval None
 123:Core/Src/stm32f4xx_hal_msp.c ****   */
 124:Core/Src/stm32f4xx_hal_msp.c **** void HAL_I2C_MspDeInit(I2C_HandleTypeDef* hi2c)
 125:Core/Src/stm32f4xx_hal_msp.c **** {
 222              		.loc 1 125 1 is_stmt 1 view -0
 223              		.cfi_startproc
 224              		@ args = 0, pretend = 0, frame = 0
 225              		@ frame_needed = 0, uses_anonymous_args = 0
 126:Core/Src/stm32f4xx_hal_msp.c ****   if(hi2c->Instance==I2C1)
 226              		.loc 1 126 3 view .LVU48
 227              		.loc 1 126 10 is_stmt 0 view .LVU49
 228 0000 0268     		ldr	r2, [r0]
 229              		.loc 1 126 5 view .LVU50
 230 0002 0B4B     		ldr	r3, .L18
 231 0004 9A42     		cmp	r2, r3
 232 0006 00D0     		beq	.L17
 233 0008 7047     		bx	lr
 234              	.L17:
 125:Core/Src/stm32f4xx_hal_msp.c ****   if(hi2c->Instance==I2C1)
 235              		.loc 1 125 1 view .LVU51
 236 000a 10B5     		push	{r4, lr}
 237              	.LCFI7:
 238              		.cfi_def_cfa_offset 8
 239              		.cfi_offset 4, -8
 240              		.cfi_offset 14, -4
 127:Core/Src/stm32f4xx_hal_msp.c ****   {
 128:Core/Src/stm32f4xx_hal_msp.c ****     /* USER CODE BEGIN I2C1_MspDeInit 0 */
 129:Core/Src/stm32f4xx_hal_msp.c **** 
 130:Core/Src/stm32f4xx_hal_msp.c ****     /* USER CODE END I2C1_MspDeInit 0 */
 131:Core/Src/stm32f4xx_hal_msp.c ****     /* Peripheral clock disable */
 132:Core/Src/stm32f4xx_hal_msp.c ****     __HAL_RCC_I2C1_CLK_DISABLE();
 241              		.loc 1 132 5 is_stmt 1 view .LVU52
 242 000c 094A     		ldr	r2, .L18+4
 243 000e 136C     		ldr	r3, [r2, #64]
 244 0010 23F40013 		bic	r3, r3, #2097152
 245 0014 1364     		str	r3, [r2, #64]
 133:Core/Src/stm32f4xx_hal_msp.c **** 
 134:Core/Src/stm32f4xx_hal_msp.c ****     /**I2C1 GPIO Configuration
 135:Core/Src/stm32f4xx_hal_msp.c ****     PB8     ------> I2C1_SCL
ARM GAS  /tmp/cce8ZHLd.s 			page 8


 136:Core/Src/stm32f4xx_hal_msp.c ****     PB9     ------> I2C1_SDA
 137:Core/Src/stm32f4xx_hal_msp.c ****     */
 138:Core/Src/stm32f4xx_hal_msp.c ****     HAL_GPIO_DeInit(GPIOB, GPIO_PIN_8);
 246              		.loc 1 138 5 view .LVU53
 247 0016 084C     		ldr	r4, .L18+8
 248 0018 4FF48071 		mov	r1, #256
 249 001c 2046     		mov	r0, r4
 250              	.LVL7:
 251              		.loc 1 138 5 is_stmt 0 view .LVU54
 252 001e FFF7FEFF 		bl	HAL_GPIO_DeInit
 253              	.LVL8:
 139:Core/Src/stm32f4xx_hal_msp.c **** 
 140:Core/Src/stm32f4xx_hal_msp.c ****     HAL_GPIO_DeInit(GPIOB, GPIO_PIN_9);
 254              		.loc 1 140 5 is_stmt 1 view .LVU55
 255 0022 4FF40071 		mov	r1, #512
 256 0026 2046     		mov	r0, r4
 257 0028 FFF7FEFF 		bl	HAL_GPIO_DeInit
 258              	.LVL9:
 141:Core/Src/stm32f4xx_hal_msp.c **** 
 142:Core/Src/stm32f4xx_hal_msp.c ****     /* USER CODE BEGIN I2C1_MspDeInit 1 */
 143:Core/Src/stm32f4xx_hal_msp.c **** 
 144:Core/Src/stm32f4xx_hal_msp.c ****     /* USER CODE END I2C1_MspDeInit 1 */
 145:Core/Src/stm32f4xx_hal_msp.c ****   }
 146:Core/Src/stm32f4xx_hal_msp.c **** 
 147:Core/Src/stm32f4xx_hal_msp.c **** }
 259              		.loc 1 147 1 is_stmt 0 view .LVU56
 260 002c 10BD     		pop	{r4, pc}
 261              	.L19:
 262 002e 00BF     		.align	2
 263              	.L18:
 264 0030 00540040 		.word	1073763328
 265 0034 00380240 		.word	1073887232
 266 0038 00040240 		.word	1073873920
 267              		.cfi_endproc
 268              	.LFE136:
 270              		.section	.text.HAL_RTC_MspInit,"ax",%progbits
 271              		.align	1
 272              		.global	HAL_RTC_MspInit
 273              		.syntax unified
 274              		.thumb
 275              		.thumb_func
 277              	HAL_RTC_MspInit:
 278              	.LVL10:
 279              	.LFB137:
 148:Core/Src/stm32f4xx_hal_msp.c **** 
 149:Core/Src/stm32f4xx_hal_msp.c **** /**
 150:Core/Src/stm32f4xx_hal_msp.c ****   * @brief RTC MSP Initialization
 151:Core/Src/stm32f4xx_hal_msp.c ****   * This function configures the hardware resources used in this example
 152:Core/Src/stm32f4xx_hal_msp.c ****   * @param hrtc: RTC handle pointer
 153:Core/Src/stm32f4xx_hal_msp.c ****   * @retval None
 154:Core/Src/stm32f4xx_hal_msp.c ****   */
 155:Core/Src/stm32f4xx_hal_msp.c **** void HAL_RTC_MspInit(RTC_HandleTypeDef* hrtc)
 156:Core/Src/stm32f4xx_hal_msp.c **** {
 280              		.loc 1 156 1 is_stmt 1 view -0
 281              		.cfi_startproc
 282              		@ args = 0, pretend = 0, frame = 96
 283              		@ frame_needed = 0, uses_anonymous_args = 0
ARM GAS  /tmp/cce8ZHLd.s 			page 9


 284              		.loc 1 156 1 is_stmt 0 view .LVU58
 285 0000 10B5     		push	{r4, lr}
 286              	.LCFI8:
 287              		.cfi_def_cfa_offset 8
 288              		.cfi_offset 4, -8
 289              		.cfi_offset 14, -4
 290 0002 98B0     		sub	sp, sp, #96
 291              	.LCFI9:
 292              		.cfi_def_cfa_offset 104
 293 0004 0446     		mov	r4, r0
 157:Core/Src/stm32f4xx_hal_msp.c ****   RCC_PeriphCLKInitTypeDef PeriphClkInitStruct = {0};
 294              		.loc 1 157 3 is_stmt 1 view .LVU59
 295              		.loc 1 157 28 is_stmt 0 view .LVU60
 296 0006 5C22     		movs	r2, #92
 297 0008 0021     		movs	r1, #0
 298 000a 01A8     		add	r0, sp, #4
 299              	.LVL11:
 300              		.loc 1 157 28 view .LVU61
 301 000c FFF7FEFF 		bl	memset
 302              	.LVL12:
 158:Core/Src/stm32f4xx_hal_msp.c ****   if(hrtc->Instance==RTC)
 303              		.loc 1 158 3 is_stmt 1 view .LVU62
 304              		.loc 1 158 10 is_stmt 0 view .LVU63
 305 0010 2268     		ldr	r2, [r4]
 306              		.loc 1 158 5 view .LVU64
 307 0012 0F4B     		ldr	r3, .L26
 308 0014 9A42     		cmp	r2, r3
 309 0016 01D0     		beq	.L24
 310              	.L20:
 159:Core/Src/stm32f4xx_hal_msp.c ****   {
 160:Core/Src/stm32f4xx_hal_msp.c ****     /* USER CODE BEGIN RTC_MspInit 0 */
 161:Core/Src/stm32f4xx_hal_msp.c **** 
 162:Core/Src/stm32f4xx_hal_msp.c ****     /* USER CODE END RTC_MspInit 0 */
 163:Core/Src/stm32f4xx_hal_msp.c **** 
 164:Core/Src/stm32f4xx_hal_msp.c ****   /** Initializes the peripherals clock
 165:Core/Src/stm32f4xx_hal_msp.c ****   */
 166:Core/Src/stm32f4xx_hal_msp.c ****     PeriphClkInitStruct.PeriphClockSelection = RCC_PERIPHCLK_RTC;
 167:Core/Src/stm32f4xx_hal_msp.c ****     PeriphClkInitStruct.RTCClockSelection = RCC_RTCCLKSOURCE_LSE;
 168:Core/Src/stm32f4xx_hal_msp.c ****     if (HAL_RCCEx_PeriphCLKConfig(&PeriphClkInitStruct) != HAL_OK)
 169:Core/Src/stm32f4xx_hal_msp.c ****     {
 170:Core/Src/stm32f4xx_hal_msp.c ****       Error_Handler();
 171:Core/Src/stm32f4xx_hal_msp.c ****     }
 172:Core/Src/stm32f4xx_hal_msp.c **** 
 173:Core/Src/stm32f4xx_hal_msp.c ****     /* Peripheral clock enable */
 174:Core/Src/stm32f4xx_hal_msp.c ****     __HAL_RCC_RTC_ENABLE();
 175:Core/Src/stm32f4xx_hal_msp.c ****     /* RTC interrupt Init */
 176:Core/Src/stm32f4xx_hal_msp.c ****     HAL_NVIC_SetPriority(RTC_Alarm_IRQn, 0, 0);
 177:Core/Src/stm32f4xx_hal_msp.c ****     HAL_NVIC_EnableIRQ(RTC_Alarm_IRQn);
 178:Core/Src/stm32f4xx_hal_msp.c ****     /* USER CODE BEGIN RTC_MspInit 1 */
 179:Core/Src/stm32f4xx_hal_msp.c **** 
 180:Core/Src/stm32f4xx_hal_msp.c ****     /* USER CODE END RTC_MspInit 1 */
 181:Core/Src/stm32f4xx_hal_msp.c **** 
 182:Core/Src/stm32f4xx_hal_msp.c ****   }
 183:Core/Src/stm32f4xx_hal_msp.c **** 
 184:Core/Src/stm32f4xx_hal_msp.c **** }
 311              		.loc 1 184 1 view .LVU65
 312 0018 18B0     		add	sp, sp, #96
ARM GAS  /tmp/cce8ZHLd.s 			page 10


 313              	.LCFI10:
 314              		.cfi_remember_state
 315              		.cfi_def_cfa_offset 8
 316              		@ sp needed
 317 001a 10BD     		pop	{r4, pc}
 318              	.LVL13:
 319              	.L24:
 320              	.LCFI11:
 321              		.cfi_restore_state
 166:Core/Src/stm32f4xx_hal_msp.c ****     PeriphClkInitStruct.RTCClockSelection = RCC_RTCCLKSOURCE_LSE;
 322              		.loc 1 166 5 is_stmt 1 view .LVU66
 166:Core/Src/stm32f4xx_hal_msp.c ****     PeriphClkInitStruct.RTCClockSelection = RCC_RTCCLKSOURCE_LSE;
 323              		.loc 1 166 46 is_stmt 0 view .LVU67
 324 001c 2023     		movs	r3, #32
 325 001e 0193     		str	r3, [sp, #4]
 167:Core/Src/stm32f4xx_hal_msp.c ****     if (HAL_RCCEx_PeriphCLKConfig(&PeriphClkInitStruct) != HAL_OK)
 326              		.loc 1 167 5 is_stmt 1 view .LVU68
 167:Core/Src/stm32f4xx_hal_msp.c ****     if (HAL_RCCEx_PeriphCLKConfig(&PeriphClkInitStruct) != HAL_OK)
 327              		.loc 1 167 43 is_stmt 0 view .LVU69
 328 0020 4FF48073 		mov	r3, #256
 329 0024 1193     		str	r3, [sp, #68]
 168:Core/Src/stm32f4xx_hal_msp.c ****     {
 330              		.loc 1 168 5 is_stmt 1 view .LVU70
 168:Core/Src/stm32f4xx_hal_msp.c ****     {
 331              		.loc 1 168 9 is_stmt 0 view .LVU71
 332 0026 01A8     		add	r0, sp, #4
 333 0028 FFF7FEFF 		bl	HAL_RCCEx_PeriphCLKConfig
 334              	.LVL14:
 168:Core/Src/stm32f4xx_hal_msp.c ****     {
 335              		.loc 1 168 8 discriminator 1 view .LVU72
 336 002c 60B9     		cbnz	r0, .L25
 337              	.L22:
 174:Core/Src/stm32f4xx_hal_msp.c ****     /* RTC interrupt Init */
 338              		.loc 1 174 5 is_stmt 1 view .LVU73
 339 002e 094B     		ldr	r3, .L26+4
 340 0030 0122     		movs	r2, #1
 341 0032 C3F83C2E 		str	r2, [r3, #3644]
 176:Core/Src/stm32f4xx_hal_msp.c ****     HAL_NVIC_EnableIRQ(RTC_Alarm_IRQn);
 342              		.loc 1 176 5 view .LVU74
 343 0036 0022     		movs	r2, #0
 344 0038 1146     		mov	r1, r2
 345 003a 2920     		movs	r0, #41
 346 003c FFF7FEFF 		bl	HAL_NVIC_SetPriority
 347              	.LVL15:
 177:Core/Src/stm32f4xx_hal_msp.c ****     /* USER CODE BEGIN RTC_MspInit 1 */
 348              		.loc 1 177 5 view .LVU75
 349 0040 2920     		movs	r0, #41
 350 0042 FFF7FEFF 		bl	HAL_NVIC_EnableIRQ
 351              	.LVL16:
 352              		.loc 1 184 1 is_stmt 0 view .LVU76
 353 0046 E7E7     		b	.L20
 354              	.L25:
 170:Core/Src/stm32f4xx_hal_msp.c ****     }
 355              		.loc 1 170 7 is_stmt 1 view .LVU77
 356 0048 FFF7FEFF 		bl	Error_Handler
 357              	.LVL17:
 358 004c EFE7     		b	.L22
ARM GAS  /tmp/cce8ZHLd.s 			page 11


 359              	.L27:
 360 004e 00BF     		.align	2
 361              	.L26:
 362 0050 00280040 		.word	1073752064
 363 0054 00004742 		.word	1111949312
 364              		.cfi_endproc
 365              	.LFE137:
 367              		.section	.text.HAL_RTC_MspDeInit,"ax",%progbits
 368              		.align	1
 369              		.global	HAL_RTC_MspDeInit
 370              		.syntax unified
 371              		.thumb
 372              		.thumb_func
 374              	HAL_RTC_MspDeInit:
 375              	.LVL18:
 376              	.LFB138:
 185:Core/Src/stm32f4xx_hal_msp.c **** 
 186:Core/Src/stm32f4xx_hal_msp.c **** /**
 187:Core/Src/stm32f4xx_hal_msp.c ****   * @brief RTC MSP De-Initialization
 188:Core/Src/stm32f4xx_hal_msp.c ****   * This function freeze the hardware resources used in this example
 189:Core/Src/stm32f4xx_hal_msp.c ****   * @param hrtc: RTC handle pointer
 190:Core/Src/stm32f4xx_hal_msp.c ****   * @retval None
 191:Core/Src/stm32f4xx_hal_msp.c ****   */
 192:Core/Src/stm32f4xx_hal_msp.c **** void HAL_RTC_MspDeInit(RTC_HandleTypeDef* hrtc)
 193:Core/Src/stm32f4xx_hal_msp.c **** {
 377              		.loc 1 193 1 view -0
 378              		.cfi_startproc
 379              		@ args = 0, pretend = 0, frame = 0
 380              		@ frame_needed = 0, uses_anonymous_args = 0
 381              		.loc 1 193 1 is_stmt 0 view .LVU79
 382 0000 08B5     		push	{r3, lr}
 383              	.LCFI12:
 384              		.cfi_def_cfa_offset 8
 385              		.cfi_offset 3, -8
 386              		.cfi_offset 14, -4
 194:Core/Src/stm32f4xx_hal_msp.c ****   if(hrtc->Instance==RTC)
 387              		.loc 1 194 3 is_stmt 1 view .LVU80
 388              		.loc 1 194 10 is_stmt 0 view .LVU81
 389 0002 0268     		ldr	r2, [r0]
 390              		.loc 1 194 5 view .LVU82
 391 0004 054B     		ldr	r3, .L32
 392 0006 9A42     		cmp	r2, r3
 393 0008 00D0     		beq	.L31
 394              	.LVL19:
 395              	.L28:
 195:Core/Src/stm32f4xx_hal_msp.c ****   {
 196:Core/Src/stm32f4xx_hal_msp.c ****     /* USER CODE BEGIN RTC_MspDeInit 0 */
 197:Core/Src/stm32f4xx_hal_msp.c **** 
 198:Core/Src/stm32f4xx_hal_msp.c ****     /* USER CODE END RTC_MspDeInit 0 */
 199:Core/Src/stm32f4xx_hal_msp.c ****     /* Peripheral clock disable */
 200:Core/Src/stm32f4xx_hal_msp.c ****     __HAL_RCC_RTC_DISABLE();
 201:Core/Src/stm32f4xx_hal_msp.c **** 
 202:Core/Src/stm32f4xx_hal_msp.c ****     /* RTC interrupt DeInit */
 203:Core/Src/stm32f4xx_hal_msp.c ****     HAL_NVIC_DisableIRQ(RTC_Alarm_IRQn);
 204:Core/Src/stm32f4xx_hal_msp.c ****     /* USER CODE BEGIN RTC_MspDeInit 1 */
 205:Core/Src/stm32f4xx_hal_msp.c **** 
 206:Core/Src/stm32f4xx_hal_msp.c ****     /* USER CODE END RTC_MspDeInit 1 */
ARM GAS  /tmp/cce8ZHLd.s 			page 12


 207:Core/Src/stm32f4xx_hal_msp.c ****   }
 208:Core/Src/stm32f4xx_hal_msp.c **** 
 209:Core/Src/stm32f4xx_hal_msp.c **** }
 396              		.loc 1 209 1 view .LVU83
 397 000a 08BD     		pop	{r3, pc}
 398              	.LVL20:
 399              	.L31:
 200:Core/Src/stm32f4xx_hal_msp.c **** 
 400              		.loc 1 200 5 is_stmt 1 view .LVU84
 401 000c 044B     		ldr	r3, .L32+4
 402 000e 0022     		movs	r2, #0
 403 0010 C3F83C2E 		str	r2, [r3, #3644]
 203:Core/Src/stm32f4xx_hal_msp.c ****     /* USER CODE BEGIN RTC_MspDeInit 1 */
 404              		.loc 1 203 5 view .LVU85
 405 0014 2920     		movs	r0, #41
 406              	.LVL21:
 203:Core/Src/stm32f4xx_hal_msp.c ****     /* USER CODE BEGIN RTC_MspDeInit 1 */
 407              		.loc 1 203 5 is_stmt 0 view .LVU86
 408 0016 FFF7FEFF 		bl	HAL_NVIC_DisableIRQ
 409              	.LVL22:
 410              		.loc 1 209 1 view .LVU87
 411 001a F6E7     		b	.L28
 412              	.L33:
 413              		.align	2
 414              	.L32:
 415 001c 00280040 		.word	1073752064
 416 0020 00004742 		.word	1111949312
 417              		.cfi_endproc
 418              	.LFE138:
 420              		.section	.text.HAL_TIM_Base_MspInit,"ax",%progbits
 421              		.align	1
 422              		.global	HAL_TIM_Base_MspInit
 423              		.syntax unified
 424              		.thumb
 425              		.thumb_func
 427              	HAL_TIM_Base_MspInit:
 428              	.LVL23:
 429              	.LFB139:
 210:Core/Src/stm32f4xx_hal_msp.c **** 
 211:Core/Src/stm32f4xx_hal_msp.c **** /**
 212:Core/Src/stm32f4xx_hal_msp.c ****   * @brief TIM_Base MSP Initialization
 213:Core/Src/stm32f4xx_hal_msp.c ****   * This function configures the hardware resources used in this example
 214:Core/Src/stm32f4xx_hal_msp.c ****   * @param htim_base: TIM_Base handle pointer
 215:Core/Src/stm32f4xx_hal_msp.c ****   * @retval None
 216:Core/Src/stm32f4xx_hal_msp.c ****   */
 217:Core/Src/stm32f4xx_hal_msp.c **** void HAL_TIM_Base_MspInit(TIM_HandleTypeDef* htim_base)
 218:Core/Src/stm32f4xx_hal_msp.c **** {
 430              		.loc 1 218 1 is_stmt 1 view -0
 431              		.cfi_startproc
 432              		@ args = 0, pretend = 0, frame = 32
 433              		@ frame_needed = 0, uses_anonymous_args = 0
 434              		.loc 1 218 1 is_stmt 0 view .LVU89
 435 0000 10B5     		push	{r4, lr}
 436              	.LCFI13:
 437              		.cfi_def_cfa_offset 8
 438              		.cfi_offset 4, -8
 439              		.cfi_offset 14, -4
ARM GAS  /tmp/cce8ZHLd.s 			page 13


 440 0002 88B0     		sub	sp, sp, #32
 441              	.LCFI14:
 442              		.cfi_def_cfa_offset 40
 219:Core/Src/stm32f4xx_hal_msp.c ****   GPIO_InitTypeDef GPIO_InitStruct = {0};
 443              		.loc 1 219 3 is_stmt 1 view .LVU90
 444              		.loc 1 219 20 is_stmt 0 view .LVU91
 445 0004 0023     		movs	r3, #0
 446 0006 0393     		str	r3, [sp, #12]
 447 0008 0493     		str	r3, [sp, #16]
 448 000a 0593     		str	r3, [sp, #20]
 449 000c 0693     		str	r3, [sp, #24]
 450 000e 0793     		str	r3, [sp, #28]
 220:Core/Src/stm32f4xx_hal_msp.c ****   if(htim_base->Instance==TIM2)
 451              		.loc 1 220 3 is_stmt 1 view .LVU92
 452              		.loc 1 220 15 is_stmt 0 view .LVU93
 453 0010 0368     		ldr	r3, [r0]
 454              		.loc 1 220 5 view .LVU94
 455 0012 B3F1804F 		cmp	r3, #1073741824
 456 0016 04D0     		beq	.L38
 221:Core/Src/stm32f4xx_hal_msp.c ****   {
 222:Core/Src/stm32f4xx_hal_msp.c ****     /* USER CODE BEGIN TIM2_MspInit 0 */
 223:Core/Src/stm32f4xx_hal_msp.c **** 
 224:Core/Src/stm32f4xx_hal_msp.c ****     /* USER CODE END TIM2_MspInit 0 */
 225:Core/Src/stm32f4xx_hal_msp.c ****     /* Peripheral clock enable */
 226:Core/Src/stm32f4xx_hal_msp.c ****     __HAL_RCC_TIM2_CLK_ENABLE();
 227:Core/Src/stm32f4xx_hal_msp.c ****     /* TIM2 interrupt Init */
 228:Core/Src/stm32f4xx_hal_msp.c ****     HAL_NVIC_SetPriority(TIM2_IRQn, 0, 0);
 229:Core/Src/stm32f4xx_hal_msp.c ****     HAL_NVIC_EnableIRQ(TIM2_IRQn);
 230:Core/Src/stm32f4xx_hal_msp.c ****     /* USER CODE BEGIN TIM2_MspInit 1 */
 231:Core/Src/stm32f4xx_hal_msp.c **** 
 232:Core/Src/stm32f4xx_hal_msp.c ****     /* USER CODE END TIM2_MspInit 1 */
 233:Core/Src/stm32f4xx_hal_msp.c ****   }
 234:Core/Src/stm32f4xx_hal_msp.c ****   else if(htim_base->Instance==TIM3)
 457              		.loc 1 234 8 is_stmt 1 view .LVU95
 458              		.loc 1 234 10 is_stmt 0 view .LVU96
 459 0018 214A     		ldr	r2, .L40
 460 001a 9342     		cmp	r3, r2
 461 001c 16D0     		beq	.L39
 462              	.LVL24:
 463              	.L34:
 235:Core/Src/stm32f4xx_hal_msp.c ****   {
 236:Core/Src/stm32f4xx_hal_msp.c ****     /* USER CODE BEGIN TIM3_MspInit 0 */
 237:Core/Src/stm32f4xx_hal_msp.c **** 
 238:Core/Src/stm32f4xx_hal_msp.c ****     /* USER CODE END TIM3_MspInit 0 */
 239:Core/Src/stm32f4xx_hal_msp.c ****     /* Peripheral clock enable */
 240:Core/Src/stm32f4xx_hal_msp.c ****     __HAL_RCC_TIM3_CLK_ENABLE();
 241:Core/Src/stm32f4xx_hal_msp.c **** 
 242:Core/Src/stm32f4xx_hal_msp.c ****     __HAL_RCC_GPIOA_CLK_ENABLE();
 243:Core/Src/stm32f4xx_hal_msp.c ****     /**TIM3 GPIO Configuration
 244:Core/Src/stm32f4xx_hal_msp.c ****     PA6     ------> TIM3_CH1
 245:Core/Src/stm32f4xx_hal_msp.c ****     */
 246:Core/Src/stm32f4xx_hal_msp.c ****     GPIO_InitStruct.Pin = dht11_Pin;
 247:Core/Src/stm32f4xx_hal_msp.c ****     GPIO_InitStruct.Mode = GPIO_MODE_AF_PP;
 248:Core/Src/stm32f4xx_hal_msp.c ****     GPIO_InitStruct.Pull = GPIO_PULLUP;
 249:Core/Src/stm32f4xx_hal_msp.c ****     GPIO_InitStruct.Speed = GPIO_SPEED_FREQ_LOW;
 250:Core/Src/stm32f4xx_hal_msp.c ****     GPIO_InitStruct.Alternate = GPIO_AF2_TIM3;
 251:Core/Src/stm32f4xx_hal_msp.c ****     HAL_GPIO_Init(dht11_GPIO_Port, &GPIO_InitStruct);
ARM GAS  /tmp/cce8ZHLd.s 			page 14


 252:Core/Src/stm32f4xx_hal_msp.c **** 
 253:Core/Src/stm32f4xx_hal_msp.c ****     /* TIM3 interrupt Init */
 254:Core/Src/stm32f4xx_hal_msp.c ****     HAL_NVIC_SetPriority(TIM3_IRQn, 0, 0);
 255:Core/Src/stm32f4xx_hal_msp.c ****     HAL_NVIC_EnableIRQ(TIM3_IRQn);
 256:Core/Src/stm32f4xx_hal_msp.c ****     /* USER CODE BEGIN TIM3_MspInit 1 */
 257:Core/Src/stm32f4xx_hal_msp.c **** 
 258:Core/Src/stm32f4xx_hal_msp.c ****     /* USER CODE END TIM3_MspInit 1 */
 259:Core/Src/stm32f4xx_hal_msp.c ****   }
 260:Core/Src/stm32f4xx_hal_msp.c **** 
 261:Core/Src/stm32f4xx_hal_msp.c **** }
 464              		.loc 1 261 1 view .LVU97
 465 001e 08B0     		add	sp, sp, #32
 466              	.LCFI15:
 467              		.cfi_remember_state
 468              		.cfi_def_cfa_offset 8
 469              		@ sp needed
 470 0020 10BD     		pop	{r4, pc}
 471              	.LVL25:
 472              	.L38:
 473              	.LCFI16:
 474              		.cfi_restore_state
 226:Core/Src/stm32f4xx_hal_msp.c ****     /* TIM2 interrupt Init */
 475              		.loc 1 226 5 is_stmt 1 view .LVU98
 476              	.LBB6:
 226:Core/Src/stm32f4xx_hal_msp.c ****     /* TIM2 interrupt Init */
 477              		.loc 1 226 5 view .LVU99
 478 0022 0021     		movs	r1, #0
 479 0024 0091     		str	r1, [sp]
 226:Core/Src/stm32f4xx_hal_msp.c ****     /* TIM2 interrupt Init */
 480              		.loc 1 226 5 view .LVU100
 481 0026 03F50E33 		add	r3, r3, #145408
 482 002a 1A6C     		ldr	r2, [r3, #64]
 483 002c 42F00102 		orr	r2, r2, #1
 484 0030 1A64     		str	r2, [r3, #64]
 226:Core/Src/stm32f4xx_hal_msp.c ****     /* TIM2 interrupt Init */
 485              		.loc 1 226 5 view .LVU101
 486 0032 1B6C     		ldr	r3, [r3, #64]
 487 0034 03F00103 		and	r3, r3, #1
 488 0038 0093     		str	r3, [sp]
 226:Core/Src/stm32f4xx_hal_msp.c ****     /* TIM2 interrupt Init */
 489              		.loc 1 226 5 view .LVU102
 490 003a 009B     		ldr	r3, [sp]
 491              	.LBE6:
 226:Core/Src/stm32f4xx_hal_msp.c ****     /* TIM2 interrupt Init */
 492              		.loc 1 226 5 view .LVU103
 228:Core/Src/stm32f4xx_hal_msp.c ****     HAL_NVIC_EnableIRQ(TIM2_IRQn);
 493              		.loc 1 228 5 view .LVU104
 494 003c 0A46     		mov	r2, r1
 495 003e 1C20     		movs	r0, #28
 496              	.LVL26:
 228:Core/Src/stm32f4xx_hal_msp.c ****     HAL_NVIC_EnableIRQ(TIM2_IRQn);
 497              		.loc 1 228 5 is_stmt 0 view .LVU105
 498 0040 FFF7FEFF 		bl	HAL_NVIC_SetPriority
 499              	.LVL27:
 229:Core/Src/stm32f4xx_hal_msp.c ****     /* USER CODE BEGIN TIM2_MspInit 1 */
 500              		.loc 1 229 5 is_stmt 1 view .LVU106
 501 0044 1C20     		movs	r0, #28
ARM GAS  /tmp/cce8ZHLd.s 			page 15


 502 0046 FFF7FEFF 		bl	HAL_NVIC_EnableIRQ
 503              	.LVL28:
 504 004a E8E7     		b	.L34
 505              	.LVL29:
 506              	.L39:
 240:Core/Src/stm32f4xx_hal_msp.c **** 
 507              		.loc 1 240 5 view .LVU107
 508              	.LBB7:
 240:Core/Src/stm32f4xx_hal_msp.c **** 
 509              		.loc 1 240 5 view .LVU108
 510 004c 0024     		movs	r4, #0
 511 004e 0194     		str	r4, [sp, #4]
 240:Core/Src/stm32f4xx_hal_msp.c **** 
 512              		.loc 1 240 5 view .LVU109
 513 0050 144B     		ldr	r3, .L40+4
 514 0052 1A6C     		ldr	r2, [r3, #64]
 515 0054 42F00202 		orr	r2, r2, #2
 516 0058 1A64     		str	r2, [r3, #64]
 240:Core/Src/stm32f4xx_hal_msp.c **** 
 517              		.loc 1 240 5 view .LVU110
 518 005a 1A6C     		ldr	r2, [r3, #64]
 519 005c 02F00202 		and	r2, r2, #2
 520 0060 0192     		str	r2, [sp, #4]
 240:Core/Src/stm32f4xx_hal_msp.c **** 
 521              		.loc 1 240 5 view .LVU111
 522 0062 019A     		ldr	r2, [sp, #4]
 523              	.LBE7:
 240:Core/Src/stm32f4xx_hal_msp.c **** 
 524              		.loc 1 240 5 view .LVU112
 242:Core/Src/stm32f4xx_hal_msp.c ****     /**TIM3 GPIO Configuration
 525              		.loc 1 242 5 view .LVU113
 526              	.LBB8:
 242:Core/Src/stm32f4xx_hal_msp.c ****     /**TIM3 GPIO Configuration
 527              		.loc 1 242 5 view .LVU114
 528 0064 0294     		str	r4, [sp, #8]
 242:Core/Src/stm32f4xx_hal_msp.c ****     /**TIM3 GPIO Configuration
 529              		.loc 1 242 5 view .LVU115
 530 0066 1A6B     		ldr	r2, [r3, #48]
 531 0068 42F00102 		orr	r2, r2, #1
 532 006c 1A63     		str	r2, [r3, #48]
 242:Core/Src/stm32f4xx_hal_msp.c ****     /**TIM3 GPIO Configuration
 533              		.loc 1 242 5 view .LVU116
 534 006e 1B6B     		ldr	r3, [r3, #48]
 535 0070 03F00103 		and	r3, r3, #1
 536 0074 0293     		str	r3, [sp, #8]
 242:Core/Src/stm32f4xx_hal_msp.c ****     /**TIM3 GPIO Configuration
 537              		.loc 1 242 5 view .LVU117
 538 0076 029B     		ldr	r3, [sp, #8]
 539              	.LBE8:
 242:Core/Src/stm32f4xx_hal_msp.c ****     /**TIM3 GPIO Configuration
 540              		.loc 1 242 5 view .LVU118
 246:Core/Src/stm32f4xx_hal_msp.c ****     GPIO_InitStruct.Mode = GPIO_MODE_AF_PP;
 541              		.loc 1 246 5 view .LVU119
 246:Core/Src/stm32f4xx_hal_msp.c ****     GPIO_InitStruct.Mode = GPIO_MODE_AF_PP;
 542              		.loc 1 246 25 is_stmt 0 view .LVU120
 543 0078 4023     		movs	r3, #64
 544 007a 0393     		str	r3, [sp, #12]
ARM GAS  /tmp/cce8ZHLd.s 			page 16


 247:Core/Src/stm32f4xx_hal_msp.c ****     GPIO_InitStruct.Pull = GPIO_PULLUP;
 545              		.loc 1 247 5 is_stmt 1 view .LVU121
 247:Core/Src/stm32f4xx_hal_msp.c ****     GPIO_InitStruct.Pull = GPIO_PULLUP;
 546              		.loc 1 247 26 is_stmt 0 view .LVU122
 547 007c 0223     		movs	r3, #2
 548 007e 0493     		str	r3, [sp, #16]
 248:Core/Src/stm32f4xx_hal_msp.c ****     GPIO_InitStruct.Speed = GPIO_SPEED_FREQ_LOW;
 549              		.loc 1 248 5 is_stmt 1 view .LVU123
 248:Core/Src/stm32f4xx_hal_msp.c ****     GPIO_InitStruct.Speed = GPIO_SPEED_FREQ_LOW;
 550              		.loc 1 248 26 is_stmt 0 view .LVU124
 551 0080 0122     		movs	r2, #1
 552 0082 0592     		str	r2, [sp, #20]
 249:Core/Src/stm32f4xx_hal_msp.c ****     GPIO_InitStruct.Alternate = GPIO_AF2_TIM3;
 553              		.loc 1 249 5 is_stmt 1 view .LVU125
 250:Core/Src/stm32f4xx_hal_msp.c ****     HAL_GPIO_Init(dht11_GPIO_Port, &GPIO_InitStruct);
 554              		.loc 1 250 5 view .LVU126
 250:Core/Src/stm32f4xx_hal_msp.c ****     HAL_GPIO_Init(dht11_GPIO_Port, &GPIO_InitStruct);
 555              		.loc 1 250 31 is_stmt 0 view .LVU127
 556 0084 0793     		str	r3, [sp, #28]
 251:Core/Src/stm32f4xx_hal_msp.c **** 
 557              		.loc 1 251 5 is_stmt 1 view .LVU128
 558 0086 03A9     		add	r1, sp, #12
 559 0088 0748     		ldr	r0, .L40+8
 560              	.LVL30:
 251:Core/Src/stm32f4xx_hal_msp.c **** 
 561              		.loc 1 251 5 is_stmt 0 view .LVU129
 562 008a FFF7FEFF 		bl	HAL_GPIO_Init
 563              	.LVL31:
 254:Core/Src/stm32f4xx_hal_msp.c ****     HAL_NVIC_EnableIRQ(TIM3_IRQn);
 564              		.loc 1 254 5 is_stmt 1 view .LVU130
 565 008e 2246     		mov	r2, r4
 566 0090 2146     		mov	r1, r4
 567 0092 1D20     		movs	r0, #29
 568 0094 FFF7FEFF 		bl	HAL_NVIC_SetPriority
 569              	.LVL32:
 255:Core/Src/stm32f4xx_hal_msp.c ****     /* USER CODE BEGIN TIM3_MspInit 1 */
 570              		.loc 1 255 5 view .LVU131
 571 0098 1D20     		movs	r0, #29
 572 009a FFF7FEFF 		bl	HAL_NVIC_EnableIRQ
 573              	.LVL33:
 574              		.loc 1 261 1 is_stmt 0 view .LVU132
 575 009e BEE7     		b	.L34
 576              	.L41:
 577              		.align	2
 578              	.L40:
 579 00a0 00040040 		.word	1073742848
 580 00a4 00380240 		.word	1073887232
 581 00a8 00000240 		.word	1073872896
 582              		.cfi_endproc
 583              	.LFE139:
 585              		.section	.text.HAL_TIM_Base_MspDeInit,"ax",%progbits
 586              		.align	1
 587              		.global	HAL_TIM_Base_MspDeInit
 588              		.syntax unified
 589              		.thumb
 590              		.thumb_func
 592              	HAL_TIM_Base_MspDeInit:
ARM GAS  /tmp/cce8ZHLd.s 			page 17


 593              	.LVL34:
 594              	.LFB140:
 262:Core/Src/stm32f4xx_hal_msp.c **** 
 263:Core/Src/stm32f4xx_hal_msp.c **** /**
 264:Core/Src/stm32f4xx_hal_msp.c ****   * @brief TIM_Base MSP De-Initialization
 265:Core/Src/stm32f4xx_hal_msp.c ****   * This function freeze the hardware resources used in this example
 266:Core/Src/stm32f4xx_hal_msp.c ****   * @param htim_base: TIM_Base handle pointer
 267:Core/Src/stm32f4xx_hal_msp.c ****   * @retval None
 268:Core/Src/stm32f4xx_hal_msp.c ****   */
 269:Core/Src/stm32f4xx_hal_msp.c **** void HAL_TIM_Base_MspDeInit(TIM_HandleTypeDef* htim_base)
 270:Core/Src/stm32f4xx_hal_msp.c **** {
 595              		.loc 1 270 1 is_stmt 1 view -0
 596              		.cfi_startproc
 597              		@ args = 0, pretend = 0, frame = 0
 598              		@ frame_needed = 0, uses_anonymous_args = 0
 599              		.loc 1 270 1 is_stmt 0 view .LVU134
 600 0000 08B5     		push	{r3, lr}
 601              	.LCFI17:
 602              		.cfi_def_cfa_offset 8
 603              		.cfi_offset 3, -8
 604              		.cfi_offset 14, -4
 271:Core/Src/stm32f4xx_hal_msp.c ****   if(htim_base->Instance==TIM2)
 605              		.loc 1 271 3 is_stmt 1 view .LVU135
 606              		.loc 1 271 15 is_stmt 0 view .LVU136
 607 0002 0368     		ldr	r3, [r0]
 608              		.loc 1 271 5 view .LVU137
 609 0004 B3F1804F 		cmp	r3, #1073741824
 610 0008 03D0     		beq	.L46
 272:Core/Src/stm32f4xx_hal_msp.c ****   {
 273:Core/Src/stm32f4xx_hal_msp.c ****     /* USER CODE BEGIN TIM2_MspDeInit 0 */
 274:Core/Src/stm32f4xx_hal_msp.c **** 
 275:Core/Src/stm32f4xx_hal_msp.c ****     /* USER CODE END TIM2_MspDeInit 0 */
 276:Core/Src/stm32f4xx_hal_msp.c ****     /* Peripheral clock disable */
 277:Core/Src/stm32f4xx_hal_msp.c ****     __HAL_RCC_TIM2_CLK_DISABLE();
 278:Core/Src/stm32f4xx_hal_msp.c **** 
 279:Core/Src/stm32f4xx_hal_msp.c ****     /* TIM2 interrupt DeInit */
 280:Core/Src/stm32f4xx_hal_msp.c ****     HAL_NVIC_DisableIRQ(TIM2_IRQn);
 281:Core/Src/stm32f4xx_hal_msp.c ****     /* USER CODE BEGIN TIM2_MspDeInit 1 */
 282:Core/Src/stm32f4xx_hal_msp.c **** 
 283:Core/Src/stm32f4xx_hal_msp.c ****     /* USER CODE END TIM2_MspDeInit 1 */
 284:Core/Src/stm32f4xx_hal_msp.c ****   }
 285:Core/Src/stm32f4xx_hal_msp.c ****   else if(htim_base->Instance==TIM3)
 611              		.loc 1 285 8 is_stmt 1 view .LVU138
 612              		.loc 1 285 10 is_stmt 0 view .LVU139
 613 000a 0D4A     		ldr	r2, .L48
 614 000c 9342     		cmp	r3, r2
 615 000e 09D0     		beq	.L47
 616              	.LVL35:
 617              	.L42:
 286:Core/Src/stm32f4xx_hal_msp.c ****   {
 287:Core/Src/stm32f4xx_hal_msp.c ****     /* USER CODE BEGIN TIM3_MspDeInit 0 */
 288:Core/Src/stm32f4xx_hal_msp.c **** 
 289:Core/Src/stm32f4xx_hal_msp.c ****     /* USER CODE END TIM3_MspDeInit 0 */
 290:Core/Src/stm32f4xx_hal_msp.c ****     /* Peripheral clock disable */
 291:Core/Src/stm32f4xx_hal_msp.c ****     __HAL_RCC_TIM3_CLK_DISABLE();
 292:Core/Src/stm32f4xx_hal_msp.c **** 
 293:Core/Src/stm32f4xx_hal_msp.c ****     /**TIM3 GPIO Configuration
ARM GAS  /tmp/cce8ZHLd.s 			page 18


 294:Core/Src/stm32f4xx_hal_msp.c ****     PA6     ------> TIM3_CH1
 295:Core/Src/stm32f4xx_hal_msp.c ****     */
 296:Core/Src/stm32f4xx_hal_msp.c ****     HAL_GPIO_DeInit(dht11_GPIO_Port, dht11_Pin);
 297:Core/Src/stm32f4xx_hal_msp.c **** 
 298:Core/Src/stm32f4xx_hal_msp.c ****     /* TIM3 interrupt DeInit */
 299:Core/Src/stm32f4xx_hal_msp.c ****     HAL_NVIC_DisableIRQ(TIM3_IRQn);
 300:Core/Src/stm32f4xx_hal_msp.c ****     /* USER CODE BEGIN TIM3_MspDeInit 1 */
 301:Core/Src/stm32f4xx_hal_msp.c **** 
 302:Core/Src/stm32f4xx_hal_msp.c ****     /* USER CODE END TIM3_MspDeInit 1 */
 303:Core/Src/stm32f4xx_hal_msp.c ****   }
 304:Core/Src/stm32f4xx_hal_msp.c **** 
 305:Core/Src/stm32f4xx_hal_msp.c **** }
 618              		.loc 1 305 1 view .LVU140
 619 0010 08BD     		pop	{r3, pc}
 620              	.LVL36:
 621              	.L46:
 277:Core/Src/stm32f4xx_hal_msp.c **** 
 622              		.loc 1 277 5 is_stmt 1 view .LVU141
 623 0012 0C4A     		ldr	r2, .L48+4
 624 0014 136C     		ldr	r3, [r2, #64]
 625 0016 23F00103 		bic	r3, r3, #1
 626 001a 1364     		str	r3, [r2, #64]
 280:Core/Src/stm32f4xx_hal_msp.c ****     /* USER CODE BEGIN TIM2_MspDeInit 1 */
 627              		.loc 1 280 5 view .LVU142
 628 001c 1C20     		movs	r0, #28
 629              	.LVL37:
 280:Core/Src/stm32f4xx_hal_msp.c ****     /* USER CODE BEGIN TIM2_MspDeInit 1 */
 630              		.loc 1 280 5 is_stmt 0 view .LVU143
 631 001e FFF7FEFF 		bl	HAL_NVIC_DisableIRQ
 632              	.LVL38:
 633 0022 F5E7     		b	.L42
 634              	.LVL39:
 635              	.L47:
 291:Core/Src/stm32f4xx_hal_msp.c **** 
 636              		.loc 1 291 5 is_stmt 1 view .LVU144
 637 0024 02F50D32 		add	r2, r2, #144384
 638 0028 136C     		ldr	r3, [r2, #64]
 639 002a 23F00203 		bic	r3, r3, #2
 640 002e 1364     		str	r3, [r2, #64]
 296:Core/Src/stm32f4xx_hal_msp.c **** 
 641              		.loc 1 296 5 view .LVU145
 642 0030 4021     		movs	r1, #64
 643 0032 0548     		ldr	r0, .L48+8
 644              	.LVL40:
 296:Core/Src/stm32f4xx_hal_msp.c **** 
 645              		.loc 1 296 5 is_stmt 0 view .LVU146
 646 0034 FFF7FEFF 		bl	HAL_GPIO_DeInit
 647              	.LVL41:
 299:Core/Src/stm32f4xx_hal_msp.c ****     /* USER CODE BEGIN TIM3_MspDeInit 1 */
 648              		.loc 1 299 5 is_stmt 1 view .LVU147
 649 0038 1D20     		movs	r0, #29
 650 003a FFF7FEFF 		bl	HAL_NVIC_DisableIRQ
 651              	.LVL42:
 652              		.loc 1 305 1 is_stmt 0 view .LVU148
 653 003e E7E7     		b	.L42
 654              	.L49:
 655              		.align	2
ARM GAS  /tmp/cce8ZHLd.s 			page 19


 656              	.L48:
 657 0040 00040040 		.word	1073742848
 658 0044 00380240 		.word	1073887232
 659 0048 00000240 		.word	1073872896
 660              		.cfi_endproc
 661              	.LFE140:
 663              		.section	.text.HAL_UART_MspInit,"ax",%progbits
 664              		.align	1
 665              		.global	HAL_UART_MspInit
 666              		.syntax unified
 667              		.thumb
 668              		.thumb_func
 670              	HAL_UART_MspInit:
 671              	.LVL43:
 672              	.LFB141:
 306:Core/Src/stm32f4xx_hal_msp.c **** 
 307:Core/Src/stm32f4xx_hal_msp.c **** /**
 308:Core/Src/stm32f4xx_hal_msp.c ****   * @brief UART MSP Initialization
 309:Core/Src/stm32f4xx_hal_msp.c ****   * This function configures the hardware resources used in this example
 310:Core/Src/stm32f4xx_hal_msp.c ****   * @param huart: UART handle pointer
 311:Core/Src/stm32f4xx_hal_msp.c ****   * @retval None
 312:Core/Src/stm32f4xx_hal_msp.c ****   */
 313:Core/Src/stm32f4xx_hal_msp.c **** void HAL_UART_MspInit(UART_HandleTypeDef* huart)
 314:Core/Src/stm32f4xx_hal_msp.c **** {
 673              		.loc 1 314 1 is_stmt 1 view -0
 674              		.cfi_startproc
 675              		@ args = 0, pretend = 0, frame = 32
 676              		@ frame_needed = 0, uses_anonymous_args = 0
 677              		.loc 1 314 1 is_stmt 0 view .LVU150
 678 0000 00B5     		push	{lr}
 679              	.LCFI18:
 680              		.cfi_def_cfa_offset 4
 681              		.cfi_offset 14, -4
 682 0002 89B0     		sub	sp, sp, #36
 683              	.LCFI19:
 684              		.cfi_def_cfa_offset 40
 315:Core/Src/stm32f4xx_hal_msp.c ****   GPIO_InitTypeDef GPIO_InitStruct = {0};
 685              		.loc 1 315 3 is_stmt 1 view .LVU151
 686              		.loc 1 315 20 is_stmt 0 view .LVU152
 687 0004 0023     		movs	r3, #0
 688 0006 0393     		str	r3, [sp, #12]
 689 0008 0493     		str	r3, [sp, #16]
 690 000a 0593     		str	r3, [sp, #20]
 691 000c 0693     		str	r3, [sp, #24]
 692 000e 0793     		str	r3, [sp, #28]
 316:Core/Src/stm32f4xx_hal_msp.c ****   if(huart->Instance==USART2)
 693              		.loc 1 316 3 is_stmt 1 view .LVU153
 694              		.loc 1 316 11 is_stmt 0 view .LVU154
 695 0010 0268     		ldr	r2, [r0]
 696              		.loc 1 316 5 view .LVU155
 697 0012 154B     		ldr	r3, .L54
 698 0014 9A42     		cmp	r2, r3
 699 0016 02D0     		beq	.L53
 700              	.LVL44:
 701              	.L50:
 317:Core/Src/stm32f4xx_hal_msp.c ****   {
 318:Core/Src/stm32f4xx_hal_msp.c ****     /* USER CODE BEGIN USART2_MspInit 0 */
ARM GAS  /tmp/cce8ZHLd.s 			page 20


 319:Core/Src/stm32f4xx_hal_msp.c **** 
 320:Core/Src/stm32f4xx_hal_msp.c ****     /* USER CODE END USART2_MspInit 0 */
 321:Core/Src/stm32f4xx_hal_msp.c ****     /* Peripheral clock enable */
 322:Core/Src/stm32f4xx_hal_msp.c ****     __HAL_RCC_USART2_CLK_ENABLE();
 323:Core/Src/stm32f4xx_hal_msp.c **** 
 324:Core/Src/stm32f4xx_hal_msp.c ****     __HAL_RCC_GPIOA_CLK_ENABLE();
 325:Core/Src/stm32f4xx_hal_msp.c ****     /**USART2 GPIO Configuration
 326:Core/Src/stm32f4xx_hal_msp.c ****     PA2     ------> USART2_TX
 327:Core/Src/stm32f4xx_hal_msp.c ****     PA3     ------> USART2_RX
 328:Core/Src/stm32f4xx_hal_msp.c ****     PA4     ------> USART2_CK
 329:Core/Src/stm32f4xx_hal_msp.c ****     */
 330:Core/Src/stm32f4xx_hal_msp.c ****     GPIO_InitStruct.Pin = USART_TX_Pin|USART_RX_Pin|GPIO_PIN_4;
 331:Core/Src/stm32f4xx_hal_msp.c ****     GPIO_InitStruct.Mode = GPIO_MODE_AF_PP;
 332:Core/Src/stm32f4xx_hal_msp.c ****     GPIO_InitStruct.Pull = GPIO_NOPULL;
 333:Core/Src/stm32f4xx_hal_msp.c ****     GPIO_InitStruct.Speed = GPIO_SPEED_FREQ_VERY_HIGH;
 334:Core/Src/stm32f4xx_hal_msp.c ****     GPIO_InitStruct.Alternate = GPIO_AF7_USART2;
 335:Core/Src/stm32f4xx_hal_msp.c ****     HAL_GPIO_Init(GPIOA, &GPIO_InitStruct);
 336:Core/Src/stm32f4xx_hal_msp.c **** 
 337:Core/Src/stm32f4xx_hal_msp.c ****     /* USER CODE BEGIN USART2_MspInit 1 */
 338:Core/Src/stm32f4xx_hal_msp.c **** 
 339:Core/Src/stm32f4xx_hal_msp.c ****     /* USER CODE END USART2_MspInit 1 */
 340:Core/Src/stm32f4xx_hal_msp.c **** 
 341:Core/Src/stm32f4xx_hal_msp.c ****   }
 342:Core/Src/stm32f4xx_hal_msp.c **** 
 343:Core/Src/stm32f4xx_hal_msp.c **** }
 702              		.loc 1 343 1 view .LVU156
 703 0018 09B0     		add	sp, sp, #36
 704              	.LCFI20:
 705              		.cfi_remember_state
 706              		.cfi_def_cfa_offset 4
 707              		@ sp needed
 708 001a 5DF804FB 		ldr	pc, [sp], #4
 709              	.LVL45:
 710              	.L53:
 711              	.LCFI21:
 712              		.cfi_restore_state
 322:Core/Src/stm32f4xx_hal_msp.c **** 
 713              		.loc 1 322 5 is_stmt 1 view .LVU157
 714              	.LBB9:
 322:Core/Src/stm32f4xx_hal_msp.c **** 
 715              		.loc 1 322 5 view .LVU158
 716 001e 0021     		movs	r1, #0
 717 0020 0191     		str	r1, [sp, #4]
 322:Core/Src/stm32f4xx_hal_msp.c **** 
 718              		.loc 1 322 5 view .LVU159
 719 0022 03F5FA33 		add	r3, r3, #128000
 720 0026 1A6C     		ldr	r2, [r3, #64]
 721 0028 42F40032 		orr	r2, r2, #131072
 722 002c 1A64     		str	r2, [r3, #64]
 322:Core/Src/stm32f4xx_hal_msp.c **** 
 723              		.loc 1 322 5 view .LVU160
 724 002e 1A6C     		ldr	r2, [r3, #64]
 725 0030 02F40032 		and	r2, r2, #131072
 726 0034 0192     		str	r2, [sp, #4]
 322:Core/Src/stm32f4xx_hal_msp.c **** 
 727              		.loc 1 322 5 view .LVU161
 728 0036 019A     		ldr	r2, [sp, #4]
ARM GAS  /tmp/cce8ZHLd.s 			page 21


 729              	.LBE9:
 322:Core/Src/stm32f4xx_hal_msp.c **** 
 730              		.loc 1 322 5 view .LVU162
 324:Core/Src/stm32f4xx_hal_msp.c ****     /**USART2 GPIO Configuration
 731              		.loc 1 324 5 view .LVU163
 732              	.LBB10:
 324:Core/Src/stm32f4xx_hal_msp.c ****     /**USART2 GPIO Configuration
 733              		.loc 1 324 5 view .LVU164
 734 0038 0291     		str	r1, [sp, #8]
 324:Core/Src/stm32f4xx_hal_msp.c ****     /**USART2 GPIO Configuration
 735              		.loc 1 324 5 view .LVU165
 736 003a 1A6B     		ldr	r2, [r3, #48]
 737 003c 42F00102 		orr	r2, r2, #1
 738 0040 1A63     		str	r2, [r3, #48]
 324:Core/Src/stm32f4xx_hal_msp.c ****     /**USART2 GPIO Configuration
 739              		.loc 1 324 5 view .LVU166
 740 0042 1B6B     		ldr	r3, [r3, #48]
 741 0044 03F00103 		and	r3, r3, #1
 742 0048 0293     		str	r3, [sp, #8]
 324:Core/Src/stm32f4xx_hal_msp.c ****     /**USART2 GPIO Configuration
 743              		.loc 1 324 5 view .LVU167
 744 004a 029B     		ldr	r3, [sp, #8]
 745              	.LBE10:
 324:Core/Src/stm32f4xx_hal_msp.c ****     /**USART2 GPIO Configuration
 746              		.loc 1 324 5 view .LVU168
 330:Core/Src/stm32f4xx_hal_msp.c ****     GPIO_InitStruct.Mode = GPIO_MODE_AF_PP;
 747              		.loc 1 330 5 view .LVU169
 330:Core/Src/stm32f4xx_hal_msp.c ****     GPIO_InitStruct.Mode = GPIO_MODE_AF_PP;
 748              		.loc 1 330 25 is_stmt 0 view .LVU170
 749 004c 1C23     		movs	r3, #28
 750 004e 0393     		str	r3, [sp, #12]
 331:Core/Src/stm32f4xx_hal_msp.c ****     GPIO_InitStruct.Pull = GPIO_NOPULL;
 751              		.loc 1 331 5 is_stmt 1 view .LVU171
 331:Core/Src/stm32f4xx_hal_msp.c ****     GPIO_InitStruct.Pull = GPIO_NOPULL;
 752              		.loc 1 331 26 is_stmt 0 view .LVU172
 753 0050 0223     		movs	r3, #2
 754 0052 0493     		str	r3, [sp, #16]
 332:Core/Src/stm32f4xx_hal_msp.c ****     GPIO_InitStruct.Speed = GPIO_SPEED_FREQ_VERY_HIGH;
 755              		.loc 1 332 5 is_stmt 1 view .LVU173
 333:Core/Src/stm32f4xx_hal_msp.c ****     GPIO_InitStruct.Alternate = GPIO_AF7_USART2;
 756              		.loc 1 333 5 view .LVU174
 333:Core/Src/stm32f4xx_hal_msp.c ****     GPIO_InitStruct.Alternate = GPIO_AF7_USART2;
 757              		.loc 1 333 27 is_stmt 0 view .LVU175
 758 0054 0323     		movs	r3, #3
 759 0056 0693     		str	r3, [sp, #24]
 334:Core/Src/stm32f4xx_hal_msp.c ****     HAL_GPIO_Init(GPIOA, &GPIO_InitStruct);
 760              		.loc 1 334 5 is_stmt 1 view .LVU176
 334:Core/Src/stm32f4xx_hal_msp.c ****     HAL_GPIO_Init(GPIOA, &GPIO_InitStruct);
 761              		.loc 1 334 31 is_stmt 0 view .LVU177
 762 0058 0723     		movs	r3, #7
 763 005a 0793     		str	r3, [sp, #28]
 335:Core/Src/stm32f4xx_hal_msp.c **** 
 764              		.loc 1 335 5 is_stmt 1 view .LVU178
 765 005c 03A9     		add	r1, sp, #12
 766 005e 0348     		ldr	r0, .L54+4
 767              	.LVL46:
 335:Core/Src/stm32f4xx_hal_msp.c **** 
ARM GAS  /tmp/cce8ZHLd.s 			page 22


 768              		.loc 1 335 5 is_stmt 0 view .LVU179
 769 0060 FFF7FEFF 		bl	HAL_GPIO_Init
 770              	.LVL47:
 771              		.loc 1 343 1 view .LVU180
 772 0064 D8E7     		b	.L50
 773              	.L55:
 774 0066 00BF     		.align	2
 775              	.L54:
 776 0068 00440040 		.word	1073759232
 777 006c 00000240 		.word	1073872896
 778              		.cfi_endproc
 779              	.LFE141:
 781              		.section	.text.HAL_UART_MspDeInit,"ax",%progbits
 782              		.align	1
 783              		.global	HAL_UART_MspDeInit
 784              		.syntax unified
 785              		.thumb
 786              		.thumb_func
 788              	HAL_UART_MspDeInit:
 789              	.LVL48:
 790              	.LFB142:
 344:Core/Src/stm32f4xx_hal_msp.c **** 
 345:Core/Src/stm32f4xx_hal_msp.c **** /**
 346:Core/Src/stm32f4xx_hal_msp.c ****   * @brief UART MSP De-Initialization
 347:Core/Src/stm32f4xx_hal_msp.c ****   * This function freeze the hardware resources used in this example
 348:Core/Src/stm32f4xx_hal_msp.c ****   * @param huart: UART handle pointer
 349:Core/Src/stm32f4xx_hal_msp.c ****   * @retval None
 350:Core/Src/stm32f4xx_hal_msp.c ****   */
 351:Core/Src/stm32f4xx_hal_msp.c **** void HAL_UART_MspDeInit(UART_HandleTypeDef* huart)
 352:Core/Src/stm32f4xx_hal_msp.c **** {
 791              		.loc 1 352 1 is_stmt 1 view -0
 792              		.cfi_startproc
 793              		@ args = 0, pretend = 0, frame = 0
 794              		@ frame_needed = 0, uses_anonymous_args = 0
 795              		.loc 1 352 1 is_stmt 0 view .LVU182
 796 0000 08B5     		push	{r3, lr}
 797              	.LCFI22:
 798              		.cfi_def_cfa_offset 8
 799              		.cfi_offset 3, -8
 800              		.cfi_offset 14, -4
 353:Core/Src/stm32f4xx_hal_msp.c ****   if(huart->Instance==USART2)
 801              		.loc 1 353 3 is_stmt 1 view .LVU183
 802              		.loc 1 353 11 is_stmt 0 view .LVU184
 803 0002 0268     		ldr	r2, [r0]
 804              		.loc 1 353 5 view .LVU185
 805 0004 064B     		ldr	r3, .L60
 806 0006 9A42     		cmp	r2, r3
 807 0008 00D0     		beq	.L59
 808              	.LVL49:
 809              	.L56:
 354:Core/Src/stm32f4xx_hal_msp.c ****   {
 355:Core/Src/stm32f4xx_hal_msp.c ****     /* USER CODE BEGIN USART2_MspDeInit 0 */
 356:Core/Src/stm32f4xx_hal_msp.c **** 
 357:Core/Src/stm32f4xx_hal_msp.c ****     /* USER CODE END USART2_MspDeInit 0 */
 358:Core/Src/stm32f4xx_hal_msp.c ****     /* Peripheral clock disable */
 359:Core/Src/stm32f4xx_hal_msp.c ****     __HAL_RCC_USART2_CLK_DISABLE();
 360:Core/Src/stm32f4xx_hal_msp.c **** 
ARM GAS  /tmp/cce8ZHLd.s 			page 23


 361:Core/Src/stm32f4xx_hal_msp.c ****     /**USART2 GPIO Configuration
 362:Core/Src/stm32f4xx_hal_msp.c ****     PA2     ------> USART2_TX
 363:Core/Src/stm32f4xx_hal_msp.c ****     PA3     ------> USART2_RX
 364:Core/Src/stm32f4xx_hal_msp.c ****     PA4     ------> USART2_CK
 365:Core/Src/stm32f4xx_hal_msp.c ****     */
 366:Core/Src/stm32f4xx_hal_msp.c ****     HAL_GPIO_DeInit(GPIOA, USART_TX_Pin|USART_RX_Pin|GPIO_PIN_4);
 367:Core/Src/stm32f4xx_hal_msp.c **** 
 368:Core/Src/stm32f4xx_hal_msp.c ****     /* USER CODE BEGIN USART2_MspDeInit 1 */
 369:Core/Src/stm32f4xx_hal_msp.c **** 
 370:Core/Src/stm32f4xx_hal_msp.c ****     /* USER CODE END USART2_MspDeInit 1 */
 371:Core/Src/stm32f4xx_hal_msp.c ****   }
 372:Core/Src/stm32f4xx_hal_msp.c **** 
 373:Core/Src/stm32f4xx_hal_msp.c **** }
 810              		.loc 1 373 1 view .LVU186
 811 000a 08BD     		pop	{r3, pc}
 812              	.LVL50:
 813              	.L59:
 359:Core/Src/stm32f4xx_hal_msp.c **** 
 814              		.loc 1 359 5 is_stmt 1 view .LVU187
 815 000c 054A     		ldr	r2, .L60+4
 816 000e 136C     		ldr	r3, [r2, #64]
 817 0010 23F40033 		bic	r3, r3, #131072
 818 0014 1364     		str	r3, [r2, #64]
 366:Core/Src/stm32f4xx_hal_msp.c **** 
 819              		.loc 1 366 5 view .LVU188
 820 0016 1C21     		movs	r1, #28
 821 0018 0348     		ldr	r0, .L60+8
 822              	.LVL51:
 366:Core/Src/stm32f4xx_hal_msp.c **** 
 823              		.loc 1 366 5 is_stmt 0 view .LVU189
 824 001a FFF7FEFF 		bl	HAL_GPIO_DeInit
 825              	.LVL52:
 826              		.loc 1 373 1 view .LVU190
 827 001e F4E7     		b	.L56
 828              	.L61:
 829              		.align	2
 830              	.L60:
 831 0020 00440040 		.word	1073759232
 832 0024 00380240 		.word	1073887232
 833 0028 00000240 		.word	1073872896
 834              		.cfi_endproc
 835              	.LFE142:
 837              		.text
 838              	.Letext0:
 839              		.file 2 "Drivers/CMSIS/Device/ST/STM32F4xx/Include/stm32f446xx.h"
 840              		.file 3 "/usr/arm-none-eabi/include/machine/_default_types.h"
 841              		.file 4 "/usr/arm-none-eabi/include/sys/_stdint.h"
 842              		.file 5 "Drivers/CMSIS/Device/ST/STM32F4xx/Include/stm32f4xx.h"
 843              		.file 6 "Drivers/STM32F4xx_HAL_Driver/Inc/stm32f4xx_hal_def.h"
 844              		.file 7 "Drivers/STM32F4xx_HAL_Driver/Inc/stm32f4xx_hal_rcc_ex.h"
 845              		.file 8 "Drivers/STM32F4xx_HAL_Driver/Inc/stm32f4xx_hal_gpio.h"
 846              		.file 9 "Drivers/STM32F4xx_HAL_Driver/Inc/stm32f4xx_hal_dma.h"
 847              		.file 10 "Drivers/STM32F4xx_HAL_Driver/Inc/stm32f4xx_hal_i2c.h"
 848              		.file 11 "Drivers/STM32F4xx_HAL_Driver/Inc/stm32f4xx_hal_rtc.h"
 849              		.file 12 "Drivers/STM32F4xx_HAL_Driver/Inc/stm32f4xx_hal_tim.h"
 850              		.file 13 "Drivers/STM32F4xx_HAL_Driver/Inc/stm32f4xx_hal_uart.h"
 851              		.file 14 "Drivers/STM32F4xx_HAL_Driver/Inc/stm32f4xx_hal_cortex.h"
ARM GAS  /tmp/cce8ZHLd.s 			page 24


 852              		.file 15 "Core/Inc/main.h"
 853              		.file 16 "<built-in>"
ARM GAS  /tmp/cce8ZHLd.s 			page 25


DEFINED SYMBOLS
                            *ABS*:00000000 stm32f4xx_hal_msp.c
     /tmp/cce8ZHLd.s:21     .text.HAL_MspInit:00000000 $t
     /tmp/cce8ZHLd.s:27     .text.HAL_MspInit:00000000 HAL_MspInit
     /tmp/cce8ZHLd.s:87     .text.HAL_MspInit:0000003c $d
     /tmp/cce8ZHLd.s:92     .text.HAL_I2C_MspInit:00000000 $t
     /tmp/cce8ZHLd.s:98     .text.HAL_I2C_MspInit:00000000 HAL_I2C_MspInit
     /tmp/cce8ZHLd.s:206    .text.HAL_I2C_MspInit:00000064 $d
     /tmp/cce8ZHLd.s:213    .text.HAL_I2C_MspDeInit:00000000 $t
     /tmp/cce8ZHLd.s:219    .text.HAL_I2C_MspDeInit:00000000 HAL_I2C_MspDeInit
     /tmp/cce8ZHLd.s:264    .text.HAL_I2C_MspDeInit:00000030 $d
     /tmp/cce8ZHLd.s:271    .text.HAL_RTC_MspInit:00000000 $t
     /tmp/cce8ZHLd.s:277    .text.HAL_RTC_MspInit:00000000 HAL_RTC_MspInit
     /tmp/cce8ZHLd.s:362    .text.HAL_RTC_MspInit:00000050 $d
     /tmp/cce8ZHLd.s:368    .text.HAL_RTC_MspDeInit:00000000 $t
     /tmp/cce8ZHLd.s:374    .text.HAL_RTC_MspDeInit:00000000 HAL_RTC_MspDeInit
     /tmp/cce8ZHLd.s:415    .text.HAL_RTC_MspDeInit:0000001c $d
     /tmp/cce8ZHLd.s:421    .text.HAL_TIM_Base_MspInit:00000000 $t
     /tmp/cce8ZHLd.s:427    .text.HAL_TIM_Base_MspInit:00000000 HAL_TIM_Base_MspInit
     /tmp/cce8ZHLd.s:579    .text.HAL_TIM_Base_MspInit:000000a0 $d
     /tmp/cce8ZHLd.s:586    .text.HAL_TIM_Base_MspDeInit:00000000 $t
     /tmp/cce8ZHLd.s:592    .text.HAL_TIM_Base_MspDeInit:00000000 HAL_TIM_Base_MspDeInit
     /tmp/cce8ZHLd.s:657    .text.HAL_TIM_Base_MspDeInit:00000040 $d
     /tmp/cce8ZHLd.s:664    .text.HAL_UART_MspInit:00000000 $t
     /tmp/cce8ZHLd.s:670    .text.HAL_UART_MspInit:00000000 HAL_UART_MspInit
     /tmp/cce8ZHLd.s:776    .text.HAL_UART_MspInit:00000068 $d
     /tmp/cce8ZHLd.s:782    .text.HAL_UART_MspDeInit:00000000 $t
     /tmp/cce8ZHLd.s:788    .text.HAL_UART_MspDeInit:00000000 HAL_UART_MspDeInit
     /tmp/cce8ZHLd.s:831    .text.HAL_UART_MspDeInit:00000020 $d

UNDEFINED SYMBOLS
HAL_NVIC_SetPriorityGrouping
HAL_GPIO_Init
HAL_GPIO_DeInit
memset
HAL_RCCEx_PeriphCLKConfig
HAL_NVIC_SetPriority
HAL_NVIC_EnableIRQ
Error_Handler
HAL_NVIC_DisableIRQ
