ARM GAS  /tmp/cctwViTs.s 			page 1


   1              		.cpu cortex-m4
   2              		.arch armv7e-m
   3              		.fpu fpv4-sp-d16
   4              		.eabi_attribute 27, 1
   5              		.eabi_attribute 28, 1
   6              		.eabi_attribute 20, 1
   7              		.eabi_attribute 21, 1
   8              		.eabi_attribute 23, 3
   9              		.eabi_attribute 24, 1
  10              		.eabi_attribute 25, 1
  11              		.eabi_attribute 26, 1
  12              		.eabi_attribute 30, 1
  13              		.eabi_attribute 34, 1
  14              		.eabi_attribute 18, 4
  15              		.file	"uart_stm32f466.c"
  16              		.text
  17              	.Ltext0:
  18              		.cfi_sections	.debug_frame
  19              		.file 1 "Core/Drivers/uart_stm32f466.c"
  20              		.section	.text.MX_USART2_UART_Init,"ax",%progbits
  21              		.align	1
  22              		.syntax unified
  23              		.thumb
  24              		.thumb_func
  26              	MX_USART2_UART_Init:
  27              	.LFB134:
   1:Core/Drivers/uart_stm32f466.c **** #include "uart_stm32f466.h"
   2:Core/Drivers/uart_stm32f466.c **** #include "stm32f4xx_hal.h"
   3:Core/Drivers/uart_stm32f466.c **** #include "main.h"
   4:Core/Drivers/uart_stm32f466.c **** 
   5:Core/Drivers/uart_stm32f466.c **** extern UART_HandleTypeDef huart2;
   6:Core/Drivers/uart_stm32f466.c **** 
   7:Core/Drivers/uart_stm32f466.c **** static void MX_USART2_UART_Init(void)
   8:Core/Drivers/uart_stm32f466.c **** {
  28              		.loc 1 8 1 view -0
  29              		.cfi_startproc
  30              		@ args = 0, pretend = 0, frame = 0
  31              		@ frame_needed = 0, uses_anonymous_args = 0
  32 0000 08B5     		push	{r3, lr}
  33              	.LCFI0:
  34              		.cfi_def_cfa_offset 8
  35              		.cfi_offset 3, -8
  36              		.cfi_offset 14, -4
   9:Core/Drivers/uart_stm32f466.c ****   huart2.Instance = USART2;
  37              		.loc 1 9 3 view .LVU1
  38              		.loc 1 9 19 is_stmt 0 view .LVU2
  39 0002 0A48     		ldr	r0, .L5
  40 0004 0A4B     		ldr	r3, .L5+4
  41 0006 0360     		str	r3, [r0]
  10:Core/Drivers/uart_stm32f466.c ****   huart2.Init.BaudRate = 115200;
  42              		.loc 1 10 3 is_stmt 1 view .LVU3
  43              		.loc 1 10 24 is_stmt 0 view .LVU4
  44 0008 4FF4E133 		mov	r3, #115200
  45 000c 4360     		str	r3, [r0, #4]
  11:Core/Drivers/uart_stm32f466.c ****   huart2.Init.WordLength = UART_WORDLENGTH_8B;
  46              		.loc 1 11 3 is_stmt 1 view .LVU5
  47              		.loc 1 11 26 is_stmt 0 view .LVU6
ARM GAS  /tmp/cctwViTs.s 			page 2


  48 000e 0023     		movs	r3, #0
  49 0010 8360     		str	r3, [r0, #8]
  12:Core/Drivers/uart_stm32f466.c ****   huart2.Init.StopBits = UART_STOPBITS_1;
  50              		.loc 1 12 3 is_stmt 1 view .LVU7
  51              		.loc 1 12 24 is_stmt 0 view .LVU8
  52 0012 C360     		str	r3, [r0, #12]
  13:Core/Drivers/uart_stm32f466.c ****   huart2.Init.Parity = UART_PARITY_NONE;
  53              		.loc 1 13 3 is_stmt 1 view .LVU9
  54              		.loc 1 13 22 is_stmt 0 view .LVU10
  55 0014 0361     		str	r3, [r0, #16]
  14:Core/Drivers/uart_stm32f466.c ****   huart2.Init.Mode = UART_MODE_TX_RX;
  56              		.loc 1 14 3 is_stmt 1 view .LVU11
  57              		.loc 1 14 20 is_stmt 0 view .LVU12
  58 0016 0C22     		movs	r2, #12
  59 0018 4261     		str	r2, [r0, #20]
  15:Core/Drivers/uart_stm32f466.c ****   huart2.Init.HwFlowCtl = UART_HWCONTROL_NONE;
  60              		.loc 1 15 3 is_stmt 1 view .LVU13
  61              		.loc 1 15 25 is_stmt 0 view .LVU14
  62 001a 8361     		str	r3, [r0, #24]
  16:Core/Drivers/uart_stm32f466.c ****   huart2.Init.OverSampling = UART_OVERSAMPLING_16;
  63              		.loc 1 16 3 is_stmt 1 view .LVU15
  64              		.loc 1 16 28 is_stmt 0 view .LVU16
  65 001c C361     		str	r3, [r0, #28]
  17:Core/Drivers/uart_stm32f466.c ****   if (HAL_UART_Init(&huart2) != HAL_OK)
  66              		.loc 1 17 3 is_stmt 1 view .LVU17
  67              		.loc 1 17 7 is_stmt 0 view .LVU18
  68 001e FFF7FEFF 		bl	HAL_UART_Init
  69              	.LVL0:
  70              		.loc 1 17 6 discriminator 1 view .LVU19
  71 0022 00B9     		cbnz	r0, .L4
  72              	.L1:
  18:Core/Drivers/uart_stm32f466.c ****   {
  19:Core/Drivers/uart_stm32f466.c ****     Error_Handler();
  20:Core/Drivers/uart_stm32f466.c ****   }
  21:Core/Drivers/uart_stm32f466.c **** }
  73              		.loc 1 21 1 view .LVU20
  74 0024 08BD     		pop	{r3, pc}
  75              	.L4:
  19:Core/Drivers/uart_stm32f466.c ****   }
  76              		.loc 1 19 5 is_stmt 1 view .LVU21
  77 0026 FFF7FEFF 		bl	Error_Handler
  78              	.LVL1:
  79              		.loc 1 21 1 is_stmt 0 view .LVU22
  80 002a FBE7     		b	.L1
  81              	.L6:
  82              		.align	2
  83              	.L5:
  84 002c 00000000 		.word	huart2
  85 0030 00440040 		.word	1073759232
  86              		.cfi_endproc
  87              	.LFE134:
  89              		.section	.text.platform_uart_init,"ax",%progbits
  90              		.align	1
  91              		.global	platform_uart_init
  92              		.syntax unified
  93              		.thumb
  94              		.thumb_func
ARM GAS  /tmp/cctwViTs.s 			page 3


  96              	platform_uart_init:
  97              	.LFB135:
  22:Core/Drivers/uart_stm32f466.c **** 
  23:Core/Drivers/uart_stm32f466.c **** void platform_uart_init(void) {
  98              		.loc 1 23 31 is_stmt 1 view -0
  99              		.cfi_startproc
 100              		@ args = 0, pretend = 0, frame = 0
 101              		@ frame_needed = 0, uses_anonymous_args = 0
 102 0000 08B5     		push	{r3, lr}
 103              	.LCFI1:
 104              		.cfi_def_cfa_offset 8
 105              		.cfi_offset 3, -8
 106              		.cfi_offset 14, -4
  24:Core/Drivers/uart_stm32f466.c ****       MX_USART2_UART_Init();
 107              		.loc 1 24 7 view .LVU24
 108 0002 FFF7FEFF 		bl	MX_USART2_UART_Init
 109              	.LVL2:
  25:Core/Drivers/uart_stm32f466.c **** }
 110              		.loc 1 25 1 is_stmt 0 view .LVU25
 111 0006 08BD     		pop	{r3, pc}
 112              		.cfi_endproc
 113              	.LFE135:
 115              		.section	.text.platform_uart_write_byte,"ax",%progbits
 116              		.align	1
 117              		.global	platform_uart_write_byte
 118              		.syntax unified
 119              		.thumb
 120              		.thumb_func
 122              	platform_uart_write_byte:
 123              	.LVL3:
 124              	.LFB136:
  26:Core/Drivers/uart_stm32f466.c **** 
  27:Core/Drivers/uart_stm32f466.c **** void platform_uart_write_byte(uint8_t byte) {
 125              		.loc 1 27 45 is_stmt 1 view -0
 126              		.cfi_startproc
 127              		@ args = 0, pretend = 0, frame = 8
 128              		@ frame_needed = 0, uses_anonymous_args = 0
 129              		.loc 1 27 45 is_stmt 0 view .LVU27
 130 0000 00B5     		push	{lr}
 131              	.LCFI2:
 132              		.cfi_def_cfa_offset 4
 133              		.cfi_offset 14, -4
 134 0002 83B0     		sub	sp, sp, #12
 135              	.LCFI3:
 136              		.cfi_def_cfa_offset 16
 137 0004 8DF80700 		strb	r0, [sp, #7]
  28:Core/Drivers/uart_stm32f466.c ****     HAL_UART_Transmit(&huart2, &byte, 1, HAL_MAX_DELAY);
 138              		.loc 1 28 5 is_stmt 1 view .LVU28
 139 0008 4FF0FF33 		mov	r3, #-1
 140 000c 0122     		movs	r2, #1
 141 000e 0DF10701 		add	r1, sp, #7
 142 0012 0348     		ldr	r0, .L11
 143              	.LVL4:
 144              		.loc 1 28 5 is_stmt 0 view .LVU29
 145 0014 FFF7FEFF 		bl	HAL_UART_Transmit
 146              	.LVL5:
  29:Core/Drivers/uart_stm32f466.c **** }...
ARM GAS  /tmp/cctwViTs.s 			page 4


 147              		.loc 1 29 1 view .LVU30
 148 0018 03B0     		add	sp, sp, #12
 149              	.LCFI4:
 150              		.cfi_def_cfa_offset 4
 151              		@ sp needed
 152 001a 5DF804FB 		ldr	pc, [sp], #4
 153              	.L12:
 154 001e 00BF     		.align	2
 155              	.L11:
 156 0020 00000000 		.word	huart2
 157              		.cfi_endproc
 158              	.LFE136:
 160              		.text
 161              	.Letext0:
 162              		.file 2 "/usr/arm-none-eabi/include/machine/_default_types.h"
 163              		.file 3 "/usr/arm-none-eabi/include/sys/_stdint.h"
 164              		.file 4 "Drivers/CMSIS/Device/ST/STM32F4xx/Include/stm32f446xx.h"
 165              		.file 5 "Drivers/STM32F4xx_HAL_Driver/Inc/stm32f4xx_hal_def.h"
 166              		.file 6 "Drivers/STM32F4xx_HAL_Driver/Inc/stm32f4xx_hal_dma.h"
 167              		.file 7 "Drivers/STM32F4xx_HAL_Driver/Inc/stm32f4xx_hal_uart.h"
 168              		.file 8 "Core/Drivers/uart_stm32f466.h"
 169              		.file 9 "Core/Inc/main.h"
ARM GAS  /tmp/cctwViTs.s 			page 5


DEFINED SYMBOLS
                            *ABS*:00000000 uart_stm32f466.c
     /tmp/cctwViTs.s:21     .text.MX_USART2_UART_Init:00000000 $t
     /tmp/cctwViTs.s:26     .text.MX_USART2_UART_Init:00000000 MX_USART2_UART_Init
     /tmp/cctwViTs.s:84     .text.MX_USART2_UART_Init:0000002c $d
     /tmp/cctwViTs.s:90     .text.platform_uart_init:00000000 $t
     /tmp/cctwViTs.s:96     .text.platform_uart_init:00000000 platform_uart_init
     /tmp/cctwViTs.s:116    .text.platform_uart_write_byte:00000000 $t
     /tmp/cctwViTs.s:122    .text.platform_uart_write_byte:00000000 platform_uart_write_byte
     /tmp/cctwViTs.s:156    .text.platform_uart_write_byte:00000020 $d

UNDEFINED SYMBOLS
HAL_UART_Init
Error_Handler
huart2
HAL_UART_Transmit
